[1127/160706:ERROR:process_reader_win.cc(142)] SuspendThread: 拒绝访问。 (0x5)
[1127/160706:ERROR:exception_snapshot_win.cc(87)] thread ID 13264 not found in process
[1127/160706:WARNING:crash_report_exception_handler.cc(56)] ProcessSnapshotWin::Initialize failed
[1127/160706:ERROR:process_reader_win.cc(233)] ReadMemory at 0x6e500000 of 64 bytes failed: 仅完成部分的 ReadProcessMemory 或 WriteProcessMemory 请求。 (0x12B)
[1127/160706:WARNING:pe_image_reader.cc(281)] could not read dos header from C:\WINDOWS\SYSTEM32\MSACM32.dll
[1127/160706:ERROR:process_reader_win.cc(233)] ReadMemory at 0x71aa0000 of 64 bytes failed: 仅完成部分的 ReadProcessMemory 或 WriteProcessMemory 请求。 (0x12B)
[1127/160706:WARNING:pe_image_reader.cc(281)] could not read dos header from C:\WINDOWS\SYSTEM32\iertutil.dll
[1127/160706:ERROR:process_reader_win.cc(233)] ReadMemory at 0x71ce0000 of 64 bytes failed: 仅完成部分的 ReadProcessMemory 或 WriteProcessMemory 请求。 (0x12B)
[1127/160706:WARNING:pe_image_reader.cc(281)] could not read dos header from C:\WINDOWS\SYSTEM32\urlmon.dll
[1127/160706:ERROR:process_reader_win.cc(233)] ReadMemory at 0x72fa0000 of 64 bytes failed: 仅完成部分的 ReadProcessMemory 或 WriteProcessMemory 请求。 (0x12B)
[1127/160706:WARNING:pe_image_reader.cc(281)] could not read dos header from C:\WINDOWS\SYSTEM32\bcrypt.dll
[1127/160706:ERROR:process_reader_win.cc(233)] ReadMemory at 0x72520000 of 64 bytes failed: 仅完成部分的 ReadProcessMemory 或 WriteProcessMemory 请求。 (0x12B)
[1127/160706:WARNING:pe_image_reader.cc(281)] could not read dos header from C:\WINDOWS\SYSTEM32\WINSPOOL.DRV
[1127/160706:ERROR:process_reader_win.cc(233)] ReadMemory at 0x72ae0000 of 64 bytes failed: 仅完成部分的 ReadProcessMemory 或 WriteProcessMemory 请求。 (0x12B)
[1127/160706:WARNING:pe_image_reader.cc(281)] could not read dos header from C:\WINDOWS\SYSTEM32\MPR.dll
[1127/160706:ERROR:process_reader_win.cc(233)] ReadMemory at 0x6f740000 of 64 bytes failed: 仅完成部分的 ReadProcessMemory 或 WriteProcessMemory 请求。 (0x12B)
[1127/160706:WARNING:pe_image_reader.cc(281)] could not read dos header from C:\Program Files (x86)\Google\Chrome\Application\54.0.2840.99\chrome_elf.dll
[1127/160706:ERROR:process_reader_win.cc(233)] ReadMemory at 0x74900000 of 64 bytes failed: 仅完成部分的 ReadProcessMemory 或 WriteProcessMemory 请求。 (0x12B)
[1127/160706:WARNING:pe_image_reader.cc(281)] could not read dos header from C:\WINDOWS\SYSTEM32\WTSAPI32.dll
[1127/160706:ERROR:process_reader_win.cc(233)] ReadMemory at 0x73a20000 of 64 bytes failed: 仅完成部分的 ReadProcessMemory 或 WriteProcessMemory 请求。 (0x12B)
[1127/160706:WARNING:pe_image_reader.cc(281)] could not read dos header from C:\WINDOWS\SYSTEM32\WINHTTP.dll
[1127/160706:ERROR:process_reader_win.cc(233)] ReadMemory at 0x6f300000 of 64 bytes failed: 仅完成部分的 ReadProcessMemory 或 WriteProcessMemory 请求。 (0x12B)
[1127/160706:WARNING:pe_image_reader.cc(281)] could not read dos header from C:\WINDOWS\SYSTEM32\ninput.dll
[1127/160706:ERROR:process_reader_win.cc(233)] ReadMemory at 0x75580000 of 64 bytes failed: 仅完成部分的 ReadProcessMemory 或 WriteProcessMemory 请求。 (0x12B)
[1127/160706:WARNING:pe_image_reader.cc(281)] could not read dos header from C:\WINDOWS\System32\PSAPI.DLL
[1127/160706:ERROR:process_reader_win.cc(233)] ReadMemory at 0x77a20000 of 64 bytes failed: 仅完成部分的 ReadProcessMemory 或 WriteProcessMemory 请求。 (0x12B)
[1127/160706:WARNING:pe_image_reader.cc(281)] could not read dos header from C:\WINDOWS\System32\WS2_32.dll
[1127/160706:ERROR:process_reader_win.cc(233)] ReadMemory at 0x747d0000 of 64 bytes failed: 仅完成部分的 ReadProcessMemory 或 WriteProcessMemory 请求。 (0x12B)
[1127/160706:WARNING:pe_image_reader.cc(281)] could not read dos header from C:\WINDOWS\SYSTEM32\NETAPI32.dll
[1127/160706:ERROR:process_reader_win.cc(233)] ReadMemory at 0x71f60000 of 64 bytes failed: 仅完成部分的 ReadProcessMemory 或 WriteProcessMemory 请求。 (0x12B)
[1127/160706:WARNING:pe_image_reader.cc(281)] could not read dos header from C:\WINDOWS\SYSTEM32\WKSCLI.DLL
[1127/160706:ERROR:process_reader_win.cc(233)] ReadMemory at 0x742b0000 of 64 bytes failed: 仅完成部分的 ReadProcessMemory 或 WriteProcessMemory 请求。 (0x12B)
[1127/160706:WARNING:pe_image_reader.cc(281)] could not read dos header from C:\WINDOWS\SYSTEM32\NETUTILS.DLL
[1127/160706:ERROR:process_reader_win.cc(233)] ReadMemory at 0x6ef50000 of 64 bytes failed: 仅完成部分的 ReadProcessMemory 或 WriteProcessMemory 请求。 (0x12B)
[1127/160706:WARNING:pe_image_reader.cc(281)] could not read dos header from C:\Program Files (x86)\360\360Safe\safemon\safemon.dll
[1127/160706:ERROR:process_reader_win.cc(233)] ReadMemory at 0x6eeb0000 of 64 bytes failed: 仅完成部分的 ReadProcessMemory 或 WriteProcessMemory 请求。 (0x12B)
[1127/160706:WARNING:pe_image_reader.cc(281)] could not read dos header from C:\Program Files (x86)\360\360Safe\safemon\iNetSafe.dll
[1127/160706:ERROR:process_reader_win.cc(233)] ReadMemory at 0x73820000 of 64 bytes failed: 仅完成部分的 ReadProcessMemory 或 WriteProcessMemory 请求。 (0x12B)
[1127/160706:WARNING:pe_image_reader.cc(281)] could not read dos header from C:\WINDOWS\SYSTEM32\dbghelp.dll
[1127/160706:ERROR:process_reader_win.cc(233)] ReadMemory at 0x6f4f0000 of 64 bytes failed: 仅完成部分的 ReadProcessMemory 或 WriteProcessMemory 请求。 (0x12B)
[1127/160706:WARNING:pe_image_reader.cc(281)] could not read dos header from C:\WINDOWS\WinSxS\x86_microsoft.windows.common-controls_6595b64144ccf1df_6.0.14393.447_none_89c64d28dafea4b9\COMCTL32.dll
[1127/160706:ERROR:process_reader_win.cc(233)] ReadMemory at 0x76140000 of 64 bytes failed: 仅完成部分的 ReadProcessMemory 或 WriteProcessMemory 请求。 (0x12B)
[1127/160706:WARNING:pe_image_reader.cc(281)] could not read dos header from C:\WINDOWS\System32\COMDLG32.dll
[1127/160706:ERROR:process_reader_win.cc(233)] ReadMemory at 0x6ee40000 of 64 bytes failed: 仅完成部分的 ReadProcessMemory 或 WriteProcessMemory 请求。 (0x12B)
[1127/160706:WARNING:pe_image_reader.cc(281)] could not read dos header from C:\WINDOWS\SYSTEM32\USP10.dll
[1127/160706:ERROR:process_reader_win.cc(233)] ReadMemory at 0x74700000 of 64 bytes failed: 仅完成部分的 ReadProcessMemory 或 WriteProcessMemory 请求。 (0x12B)
[1127/160706:WARNING:pe_image_reader.cc(281)] could not read dos header from C:\WINDOWS\SYSTEM32\IPHLPAPI.DLL
[1127/160706:ERROR:process_reader_win.cc(233)] ReadMemory at 0x743d0000 of 64 bytes failed: 仅完成部分的 ReadProcessMemory 或 WriteProcessMemory 请求。 (0x12B)
[1127/160706:WARNING:pe_image_reader.cc(281)] could not read dos header from C:\WINDOWS\SYSTEM32\Secur32.dll
[1127/160706:ERROR:process_reader_win.cc(233)] ReadMemory at 0x6d330000 of 64 bytes failed: 仅完成部分的 ReadProcessMemory 或 WriteProcessMemory 请求。 (0x12B)
[1127/160706:WARNING:pe_image_reader.cc(281)] could not read dos header from C:\WINDOWS\SYSTEM32\DWrite.dll
[1127/160706:ERROR:process_reader_win.cc(233)] ReadMemory at 0x762a0000 of 64 bytes failed: 仅完成部分的 ReadProcessMemory 或 WriteProcessMemory 请求。 (0x12B)
[1127/160706:WARNING:pe_image_reader.cc(281)] could not read dos header from C:\WINDOWS\System32\MSASN1.dll
[1127/160706:ERROR:process_reader_win.cc(233)] ReadMemory at 0x75610000 of 64 bytes failed: 仅完成部分的 ReadProcessMemory 或 WriteProcessMemory 请求。 (0x12B)
[1127/160706:WARNING:pe_image_reader.cc(281)] could not read dos header from C:\WINDOWS\System32\CRYPT32.dll
[1127/160706:ERROR:process_reader_win.cc(233)] ReadMemory at 0x77980000 of 64 bytes failed: 仅完成部分的 ReadProcessMemory 或 WriteProcessMemory 请求。 (0x12B)
[1127/160706:WARNING:pe_image_reader.cc(281)] could not read dos header from C:\WINDOWS\System32\WINTRUST.dll
[1127/160706:ERROR:process_reader_win.cc(233)] ReadMemory at 0x5c280000 of 64 bytes failed: 仅完成部分的 ReadProcessMemory 或 WriteProcessMemory 请求。 (0x12B)
[1127/160706:WARNING:pe_image_reader.cc(281)] could not read dos header from C:\Program Files (x86)\Google\Chrome\Application\54.0.2840.99\chrome_child.dll
[1127/160706:ERROR:process_reader_win.cc(233)] ReadMemory at 0x3f0000 of 64 bytes failed: 仅完成部分的 ReadProcessMemory 或 WriteProcessMemory 请求。 (0x12B)
[1127/160706:WARNING:pe_image_reader.cc(281)] could not read dos header from C:\Program Files (x86)\Google\Chrome\Application\chrome.exe
[1127/160706:ERROR:process_reader_win.cc(233)] ReadMemory at 0x758d0000 of 64 bytes failed: 仅完成部分的 ReadProcessMemory 或 WriteProcessMemory 请求。 (0x12B)
[1127/160706:WARNING:pe_image_reader.cc(281)] could not read dos header from C:\WINDOWS\System32\KERNELBASE.dll
[1127/160706:ERROR:process_reader_win.cc(233)] ReadMemory at 0x757f0000 of 64 bytes failed: 仅完成部分的 ReadProcessMemory 或 WriteProcessMemory 请求。 (0x12B)
[1127/160706:WARNING:pe_image_reader.cc(281)] could not read dos header from C:\WINDOWS\System32\KERNEL32.DLL
[1127/160706:ERROR:process_reader_win.cc(233)] ReadMemory at 0x6e810000 of 64 bytes failed: 仅完成部分的 ReadProcessMemory 或 WriteProcessMemory 请求。 (0x12B)
[1127/160706:WARNING:pe_image_reader.cc(281)] could not read dos header from C:\WINDOWS\AppPatch\AcGenral.dll
[1127/160706:ERROR:process_reader_win.cc(233)] ReadMemory at 0x77e70000 of 64 bytes failed: 仅完成部分的 ReadProcessMemory 或 WriteProcessMemory 请求。 (0x12B)
[1127/160706:WARNING:pe_image_reader.cc(281)] could not read dos header from C:\WINDOWS\SYSTEM32\ntdll.dll
[1127/160706:ERROR:process_reader_win.cc(233)] ReadMemory at 0x6f810000 of 64 bytes failed: 仅完成部分的 ReadProcessMemory 或 WriteProcessMemory 请求。 (0x12B)
[1127/160706:WARNING:pe_image_reader.cc(281)] could not read dos header from C:\WINDOWS\system32\apphelp.dll
[1127/160706:ERROR:process_reader_win.cc(233)] ReadMemory at 0x77db0000 of 64 bytes failed: 仅完成部分的 ReadProcessMemory 或 WriteProcessMemory 请求。 (0x12B)
[1127/160706:WARNING:pe_image_reader.cc(281)] could not read dos header from C:\WINDOWS\System32\msvcrt.dll
[1127/160706:ERROR:process_reader_win.cc(233)] ReadMemory at 0x77ae0000 of 64 bytes failed: 仅完成部分的 ReadProcessMemory 或 WriteProcessMemory 请求。 (0x12B)
[1127/160706:WARNING:pe_image_reader.cc(281)] could not read dos header from C:\WINDOWS\System32\bcryptPrimitives.dll
[1127/160706:ERROR:process_reader_win.cc(233)] ReadMemory at 0x74920000 of 64 bytes failed: 仅完成部分的 ReadProcessMemory 或 WriteProcessMemory 请求。 (0x12B)
[1127/160706:WARNING:pe_image_reader.cc(281)] could not read dos header from C:\WINDOWS\System32\CRYPTBASE.dll
[1127/160706:ERROR:process_reader_win.cc(233)] ReadMemory at 0x74930000 of 64 bytes failed: 仅完成部分的 ReadProcessMemory 或 WriteProcessMemory 请求。 (0x12B)
[1127/160706:WARNING:pe_image_reader.cc(281)] could not read dos header from C:\WINDOWS\System32\SspiCli.dll
[1127/160706:ERROR:process_reader_win.cc(233)] ReadMemory at 0x75290000 of 64 bytes failed: 仅完成部分的 ReadProcessMemory 或 WriteProcessMemory 请求。 (0x12B)
[1127/160706:WARNING:pe_image_reader.cc(281)] could not read dos header from C:\WINDOWS\System32\RPCRT4.dll
[1127/160706:ERROR:process_reader_win.cc(233)] ReadMemory at 0x75f80000 of 64 bytes failed: 仅完成部分的 ReadProcessMemory 或 WriteProcessMemory 请求。 (0x12B)
[1127/160706:WARNING:pe_image_reader.cc(281)] could not read dos header from C:\WINDOWS\System32\sechost.dll
[1127/160706:ERROR:process_reader_win.cc(233)] ReadMemory at 0x751b0000 of 64 bytes failed: 仅完成部分的 ReadProcessMemory 或 WriteProcessMemory 请求。 (0x12B)
[1127/160706:WARNING:pe_image_reader.cc(281)] could not read dos header from C:\WINDOWS\System32\ucrtbase.dll
[1127/160706:ERROR:process_reader_win.cc(233)] ReadMemory at 0x74950000 of 64 bytes failed: 仅完成部分的 ReadProcessMemory 或 WriteProcessMemory 请求。 (0x12B)
[1127/160706:WARNING:pe_image_reader.cc(281)] could not read dos header from C:\WINDOWS\System32\combase.dll
[1127/160706:ERROR:process_reader_win.cc(233)] ReadMemory at 0x77cd0000 of 64 bytes failed: 仅完成部分的 ReadProcessMemory 或 WriteProcessMemory 请求。 (0x12B)
[1127/160706:WARNING:pe_image_reader.cc(281)] could not read dos header from C:\WINDOWS\System32\win32u.dll
[1127/160706:ERROR:process_reader_win.cc(233)] ReadMemory at 0x75fd0000 of 64 bytes failed: 仅完成部分的 ReadProcessMemory 或 WriteProcessMemory 请求。 (0x12B)
[1127/160706:WARNING:pe_image_reader.cc(281)] could not read dos header from C:\WINDOWS\System32\USER32.dll
[1127/160706:ERROR:process_reader_win.cc(233)] ReadMemory at 0x77b40000 of 64 bytes failed: 仅完成部分的 ReadProcessMemory 或 WriteProcessMemory 请求。 (0x12B)
[1127/160706:WARNING:pe_image_reader.cc(281)] could not read dos header from C:\WINDOWS\System32\gdi32full.dll
[1127/160706:ERROR:process_reader_win.cc(233)] ReadMemory at 0x762b0000 of 64 bytes failed: 仅完成部分的 ReadProcessMemory 或 WriteProcessMemory 请求。 (0x12B)
[1127/160706:WARNING:pe_image_reader.cc(281)] could not read dos header from C:\WINDOWS\System32\GDI32.dll
[1127/160706:ERROR:process_reader_win.cc(233)] ReadMemory at 0x74b70000 of 64 bytes failed: 仅完成部分的 ReadProcessMemory 或 WriteProcessMemory 请求。 (0x12B)
[1127/160706:WARNING:pe_image_reader.cc(281)] could not read dos header from C:\WINDOWS\System32\IMM32.DLL
[1127/160706:ERROR:process_reader_win.cc(233)] ReadMemory at 0x779d0000 of 64 bytes failed: 仅完成部分的 ReadProcessMemory 或 WriteProcessMemory 请求。 (0x12B)
[1127/160706:WARNING:pe_image_reader.cc(281)] could not read dos header from C:\WINDOWS\System32\SHLWAPI.dll
[1127/160706:ERROR:process_reader_win.cc(233)] ReadMemory at 0x6f940000 of 64 bytes failed: 仅完成部分的 ReadProcessMemory 或 WriteProcessMemory 请求。 (0x12B)
[1127/160706:WARNING:pe_image_reader.cc(281)] could not read dos header from C:\WINDOWS\SYSTEM32\UxTheme.dll
[1127/160706:ERROR:process_reader_win.cc(233)] ReadMemory at 0x77cf0000 of 64 bytes failed: 仅完成部分的 ReadProcessMemory 或 WriteProcessMemory 请求。 (0x12B)
[1127/160706:WARNING:pe_image_reader.cc(281)] could not read dos header from C:\WINDOWS\System32\cfgmgr32.dll
[1127/160706:ERROR:process_reader_win.cc(233)] ReadMemory at 0x74470000 of 64 bytes failed: 仅完成部分的 ReadProcessMemory 或 WriteProcessMemory 请求。 (0x12B)
[1127/160706:WARNING:pe_image_reader.cc(281)] could not read dos header from C:\WINDOWS\SYSTEM32\WINMMBASE.dll
[1127/160706:ERROR:process_reader_win.cc(233)] ReadMemory at 0x744a0000 of 64 bytes failed: 仅完成部分的 ReadProcessMemory 或 WriteProcessMemory 请求。 (0x12B)
[1127/160706:WARNING:pe_image_reader.cc(281)] could not read dos header from C:\WINDOWS\SYSTEM32\WINMM.dll
[1127/160706:ERROR:process_reader_win.cc(233)] ReadMemory at 0x742c0000 of 64 bytes failed: 仅完成部分的 ReadProcessMemory 或 WriteProcessMemory 请求。 (0x12B)
[1127/160706:WARNING:pe_image_reader.cc(281)] could not read dos header from C:\WINDOWS\SYSTEM32\samcli.dll
[1127/160706:ERROR:process_reader_win.cc(233)] ReadMemory at 0x753f0000 of 64 bytes failed: 仅完成部分的 ReadProcessMemory 或 WriteProcessMemory 请求。 (0x12B)
[1127/160706:WARNING:pe_image_reader.cc(281)] could not read dos header from C:\WINDOWS\System32\ole32.dll
[1127/160706:ERROR:process_reader_win.cc(233)] ReadMemory at 0x77d30000 of 64 bytes failed: 仅完成部分的 ReadProcessMemory 或 WriteProcessMemory 请求。 (0x12B)
[1127/160706:WARNING:pe_image_reader.cc(281)] could not read dos header from C:\WINDOWS\System32\msvcp_win.dll
[1127/160706:ERROR:process_reader_win.cc(233)] ReadMemory at 0x754e0000 of 64 bytes failed: 仅完成部分的 ReadProcessMemory 或 WriteProcessMemory 请求。 (0x12B)
[1127/160706:WARNING:pe_image_reader.cc(281)] could not read dos header from C:\WINDOWS\System32\OLEAUT32.dll
[1127/160706:ERROR:process_reader_win.cc(233)] ReadMemory at 0x75590000 of 64 bytes failed: 仅完成部分的 ReadProcessMemory 或 WriteProcessMemory 请求。 (0x12B)
[1127/160706:WARNING:pe_image_reader.cc(281)] could not read dos header from C:\WINDOWS\System32\advapi32.dll
[1127/160706:ERROR:process_reader_win.cc(233)] ReadMemory at 0x6e500000 of 64 bytes failed: 仅完成部分的 ReadProcessMemory 或 WriteProcessMemory 请求。 (0x12B)
[1127/160706:WARNING:pe_image_reader.cc(281)] could not read dos header from C:\WINDOWS\SYSTEM32\MSACM32.dll
[1127/160706:ERROR:process_reader_win.cc(233)] ReadMemory at 0x74910000 of 64 bytes failed: 仅完成部分的 ReadProcessMemory 或 WriteProcessMemory 请求。 (0x12B)
[1127/160706:WARNING:pe_image_reader.cc(281)] could not read dos header from C:\WINDOWS\SYSTEM32\VERSION.dll
[1127/160706:ERROR:process_reader_win.cc(233)] ReadMemory at 0x77a90000 of 64 bytes failed: 仅完成部分的 ReadProcessMemory 或 WriteProcessMemory 请求。 (0x12B)
[1127/160706:WARNING:pe_image_reader.cc(281)] could not read dos header from C:\WINDOWS\System32\powrprof.dll
[1127/160706:ERROR:process_reader_win.cc(233)] ReadMemory at 0x76130000 of 64 bytes failed: 仅完成部分的 ReadProcessMemory 或 WriteProcessMemory 请求。 (0x12B)
[1127/160706:WARNING:pe_image_reader.cc(281)] could not read dos header from C:\WINDOWS\System32\kernel.appcore.dll
[1127/160706:ERROR:process_reader_win.cc(233)] ReadMemory at 0x75360000 of 64 bytes failed: 仅完成部分的 ReadProcessMemory 或 WriteProcessMemory 请求。 (0x12B)
[1127/160706:WARNING:pe_image_reader.cc(281)] could not read dos header from C:\WINDOWS\System32\shcore.dll
[1127/160706:ERROR:process_reader_win.cc(233)] ReadMemory at 0x76290000 of 64 bytes failed: 仅完成部分的 ReadProcessMemory 或 WriteProcessMemory 请求。 (0x12B)
[1127/160706:WARNING:pe_image_reader.cc(281)] could not read dos header from C:\WINDOWS\System32\profapi.dll
[1127/160706:ERROR:process_reader_win.cc(233)] ReadMemory at 0x74ba0000 of 64 bytes failed: 仅完成部分的 ReadProcessMemory 或 WriteProcessMemory 请求。 (0x12B)
[1127/160706:WARNING:pe_image_reader.cc(281)] could not read dos header from C:\WINDOWS\System32\windows.storage.dll
[1127/160706:ERROR:process_reader_win.cc(233)] ReadMemory at 0x76590000 of 64 bytes failed: 仅完成部分的 ReadProcessMemory 或 WriteProcessMemory 请求。 (0x12B)
[1127/160706:WARNING:pe_image_reader.cc(281)] could not read dos header from C:\WINDOWS\System32\SHELL32.dll
[1127/160706:ERROR:process_reader_win.cc(233)] ReadMemory at 0x748e0000 of 64 bytes failed: 仅完成部分的 ReadProcessMemory 或 WriteProcessMemory 请求。 (0x12B)
[1127/160706:WARNING:pe_image_reader.cc(281)] could not read dos header from C:\WINDOWS\SYSTEM32\USERENV.dll
[1127/160706:ERROR:process_reader_win.cc(233)] ReadMemory at 0x73b40000 of 64 bytes failed: 仅完成部分的 ReadProcessMemory 或 WriteProcessMemory 请求。 (0x12B)
[1127/160706:WARNING:pe_image_reader.cc(281)] could not read dos header from C:\WINDOWS\SYSTEM32\dwmapi.dll
[1127/160706:ERROR:process_reader_win.cc(233)] ReadMemory at 0x71aa0000 of 64 bytes failed: 仅完成部分的 ReadProcessMemory 或 WriteProcessMemory 请求。 (0x12B)
[1127/160706:WARNING:pe_image_reader.cc(281)] could not read dos header from C:\WINDOWS\SYSTEM32\iertutil.dll
[1127/160706:ERROR:process_reader_win.cc(233)] ReadMemory at 0x71ce0000 of 64 bytes failed: 仅完成部分的 ReadProcessMemory 或 WriteProcessMemory 请求。 (0x12B)
[1127/160706:WARNING:pe_image_reader.cc(281)] could not read dos header from C:\WINDOWS\SYSTEM32\urlmon.dll
[1127/160706:ERROR:process_reader_win.cc(233)] ReadMemory at 0x72fa0000 of 64 bytes failed: 仅完成部分的 ReadProcessMemory 或 WriteProcessMemory 请求。 (0x12B)
[1127/160706:WARNING:pe_image_reader.cc(281)] could not read dos header from C:\WINDOWS\SYSTEM32\bcrypt.dll
[1127/160706:ERROR:process_reader_win.cc(233)] ReadMemory at 0x72520000 of 64 bytes failed: 仅完成部分的 ReadProcessMemory 或 WriteProcessMemory 请求。 (0x12B)
[1127/160706:WARNING:pe_image_reader.cc(281)] could not read dos header from C:\WINDOWS\SYSTEM32\WINSPOOL.DRV
[1127/160706:ERROR:process_reader_win.cc(233)] ReadMemory at 0x72ae0000 of 64 bytes failed: 仅完成部分的 ReadProcessMemory 或 WriteProcessMemory 请求。 (0x12B)
[1127/160706:WARNING:pe_image_reader.cc(281)] could not read dos header from C:\WINDOWS\SYSTEM32\MPR.dll
[1127/160706:ERROR:process_reader_win.cc(233)] ReadMemory at 0x6f740000 of 64 bytes failed: 仅完成部分的 ReadProcessMemory 或 WriteProcessMemory 请求。 (0x12B)
[1127/160706:WARNING:pe_image_reader.cc(281)] could not read dos header from C:\Program Files (x86)\Google\Chrome\Application\54.0.2840.99\chrome_elf.dll
[1127/160706:ERROR:process_reader_win.cc(233)] ReadMemory at 0x74900000 of 64 bytes failed: 仅完成部分的 ReadProcessMemory 或 WriteProcessMemory 请求。 (0x12B)
[1127/160706:WARNING:pe_image_reader.cc(281)] could not read dos header from C:\WINDOWS\SYSTEM32\WTSAPI32.dll
[1127/160706:ERROR:process_reader_win.cc(233)] ReadMemory at 0x73a20000 of 64 bytes failed: 仅完成部分的 ReadProcessMemory 或 WriteProcessMemory 请求。 (0x12B)
[1127/160706:WARNING:pe_image_reader.cc(281)] could not read dos header from C:\WINDOWS\SYSTEM32\WINHTTP.dll
[1127/160706:ERROR:process_reader_win.cc(233)] ReadMemory at 0x6f300000 of 64 bytes failed: 仅完成部分的 ReadProcessMemory 或 WriteProcessMemory 请求。 (0x12B)
[1127/160706:WARNING:pe_image_reader.cc(281)] could not read dos header from C:\WINDOWS\SYSTEM32\ninput.dll
[1127/160706:ERROR:process_reader_win.cc(233)] ReadMemory at 0x75580000 of 64 bytes failed: 仅完成部分的 ReadProcessMemory 或 WriteProcessMemory 请求。 (0x12B)
[1127/160706:WARNING:pe_image_reader.cc(281)] could not read dos header from C:\WINDOWS\System32\PSAPI.DLL
[1127/160706:ERROR:process_reader_win.cc(233)] ReadMemory at 0x77a20000 of 64 bytes failed: 仅完成部分的 ReadProcessMemory 或 WriteProcessMemory 请求。 (0x12B)
[1127/160706:WARNING:pe_image_reader.cc(281)] could not read dos header from C:\WINDOWS\System32\WS2_32.dll
[1127/160706:ERROR:process_reader_win.cc(233)] ReadMemory at 0x747d0000 of 64 bytes failed: 仅完成部分的 ReadProcessMemory 或 WriteProcessMemory 请求。 (0x12B)
[1127/160706:WARNING:pe_image_reader.cc(281)] could not read dos header from C:\WINDOWS\SYSTEM32\NETAPI32.dll
[1127/160706:ERROR:process_reader_win.cc(233)] ReadMemory at 0x71f60000 of 64 bytes failed: 仅完成部分的 ReadProcessMemory 或 WriteProcessMemory 请求。 (0x12B)
[1127/160706:WARNING:pe_image_reader.cc(281)] could not read dos header from C:\WINDOWS\SYSTEM32\WKSCLI.DLL
[1127/160706:ERROR:process_reader_win.cc(233)] ReadMemory at 0x742b0000 of 64 bytes failed: 仅完成部分的 ReadProcessMemory 或 WriteProcessMemory 请求。 (0x12B)
[1127/160706:WARNING:pe_image_reader.cc(281)] could not read dos header from C:\WINDOWS\SYSTEM32\NETUTILS.DLL
[1127/160706:ERROR:process_reader_win.cc(233)] ReadMemory at 0x6ef50000 of 64 bytes failed: 仅完成部分的 ReadProcessMemory 或 WriteProcessMemory 请求。 (0x12B)
[1127/160706:WARNING:pe_image_reader.cc(281)] could not read dos header from C:\Program Files (x86)\360\360Safe\safemon\safemon.dll
[1127/160706:ERROR:process_reader_win.cc(233)] ReadMemory at 0x6eeb0000 of 64 bytes failed: 仅完成部分的 ReadProcessMemory 或 WriteProcessMemory 请求。 (0x12B)
[1127/160706:WARNING:pe_image_reader.cc(281)] could not read dos header from C:\Program Files (x86)\360\360Safe\safemon\iNetSafe.dll
[1127/160706:ERROR:process_reader_win.cc(233)] ReadMemory at 0x73820000 of 64 bytes failed: 仅完成部分的 ReadProcessMemory 或 WriteProcessMemory 请求。 (0x12B)
[1127/160706:WARNING:pe_image_reader.cc(281)] could not read dos header from C:\WINDOWS\SYSTEM32\dbghelp.dll
[1127/160706:ERROR:process_reader_win.cc(233)] ReadMemory at 0x6f4f0000 of 64 bytes failed: 仅完成部分的 ReadProcessMemory 或 WriteProcessMemory 请求。 (0x12B)
[1127/160706:WARNING:pe_image_reader.cc(281)] could not read dos header from C:\WINDOWS\WinSxS\x86_microsoft.windows.common-controls_6595b64144ccf1df_6.0.14393.447_none_89c64d28dafea4b9\COMCTL32.dll
[1127/160706:ERROR:process_reader_win.cc(233)] ReadMemory at 0x76140000 of 64 bytes failed: 仅完成部分的 ReadProcessMemory 或 WriteProcessMemory 请求。 (0x12B)
[1127/160706:WARNING:pe_image_reader.cc(281)] could not read dos header from C:\WINDOWS\System32\COMDLG32.dll
[1127/160706:ERROR:process_reader_win.cc(233)] ReadMemory at 0x6ee40000 of 64 bytes failed: 仅完成部分的 ReadProcessMemory 或 WriteProcessMemory 请求。 (0x12B)
[1127/160706:WARNING:pe_image_reader.cc(281)] could not read dos header from C:\WINDOWS\SYSTEM32\USP10.dll
[1127/160706:ERROR:process_reader_win.cc(233)] ReadMemory at 0x74700000 of 64 bytes failed: 仅完成部分的 ReadProcessMemory 或 WriteProcessMemory 请求。 (0x12B)
[1127/160706:WARNING:pe_image_reader.cc(281)] could not read dos header from C:\WINDOWS\SYSTEM32\IPHLPAPI.DLL
[1127/160706:ERROR:process_reader_win.cc(233)] ReadMemory at 0x743d0000 of 64 bytes failed: 仅完成部分的 ReadProcessMemory 或 WriteProcessMemory 请求。 (0x12B)
[1127/160706:WARNING:pe_image_reader.cc(281)] could not read dos header from C:\WINDOWS\SYSTEM32\Secur32.dll
[1127/160706:ERROR:process_reader_win.cc(233)] ReadMemory at 0x6d330000 of 64 bytes failed: 仅完成部分的 ReadProcessMemory 或 WriteProcessMemory 请求。 (0x12B)
[1127/160706:WARNING:pe_image_reader.cc(281)] could not read dos header from C:\WINDOWS\SYSTEM32\DWrite.dll
[1127/160706:ERROR:process_reader_win.cc(233)] ReadMemory at 0x762a0000 of 64 bytes failed: 仅完成部分的 ReadProcessMemory 或 WriteProcessMemory 请求。 (0x12B)
[1127/160706:WARNING:pe_image_reader.cc(281)] could not read dos header from C:\WINDOWS\System32\MSASN1.dll
[1127/160706:ERROR:process_reader_win.cc(233)] ReadMemory at 0x75610000 of 64 bytes failed: 仅完成部分的 ReadProcessMemory 或 WriteProcessMemory 请求。 (0x12B)
[1127/160706:WARNING:pe_image_reader.cc(281)] could not read dos header from C:\WINDOWS\System32\CRYPT32.dll
[1127/160706:ERROR:process_reader_win.cc(233)] ReadMemory at 0x77980000 of 64 bytes failed: 仅完成部分的 ReadProcessMemory 或 WriteProcessMemory 请求。 (0x12B)
[1127/160706:WARNING:pe_image_reader.cc(281)] could not read dos header from C:\WINDOWS\System32\WINTRUST.dll
[1127/160706:ERROR:process_reader_win.cc(233)] ReadMemory at 0x5c280000 of 64 bytes failed: 仅完成部分的 ReadProcessMemory 或 WriteProcessMemory 请求。 (0x12B)
[1127/160706:WARNING:pe_image_reader.cc(281)] could not read dos header from C:\Program Files (x86)\Google\Chrome\Application\54.0.2840.99\chrome_child.dll
[1127/160706:ERROR:process_reader_win.cc(233)] ReadMemory at 0xef5000 of 45056 bytes failed: 仅完成部分的 ReadProcessMemory 或 WriteProcessMemory 请求。 (0x12B)
[1127/160706:ERROR:crash_report_exception_handler.cc(98)] WriteEverything failed
[1127/160706:ERROR:scoped_process_suspend.cc(38)] NtResumeProcess: 已尝试访问正在退出的过程。  (0xc000010a)
[1127/160724:ERROR:process_reader_win.cc(142)] SuspendThread: 拒绝访问。 (0x5)
[1127/160724:ERROR:process_reader_win.cc(142)] SuspendThread: 拒绝访问。 (0x5)
[1127/160724:ERROR:process_reader_win.cc(142)] SuspendThread: 拒绝访问。 (0x5)
[1127/160724:ERROR:process_reader_win.cc(142)] SuspendThread: 拒绝访问。 (0x5)
[1127/160724:ERROR:exception_snapshot_win.cc(87)] thread ID 16556 not found in process
[1127/160724:WARNING:crash_report_exception_handler.cc(56)] ProcessSnapshotWin::Initialize failed
[1127/160724:ERROR:process_reader_win.cc(142)] SuspendThread: 拒绝访问。 (0x5)
[1127/160724:ERROR:exception_snapshot_win.cc(87)] thread ID 17308 not found in process
[1127/160724:WARNING:crash_report_exception_handler.cc(56)] ProcessSnapshotWin::Initialize failed
[1127/160725:ERROR:process_reader_win.cc(233)] ReadMemory at 0x8f5000 of 45056 bytes failed: 仅完成部分的 ReadProcessMemory 或 WriteProcessMemory 请求。 (0x12B)
[1127/160725:ERROR:crash_report_exception_handler.cc(98)] WriteEverything failed
[1127/160725:ERROR:process_reader_win.cc(233)] ReadMemory at 0xef6000 of 40960 bytes failed: 仅完成部分的 ReadProcessMemory 或 WriteProcessMemory 请求。 (0x12B)
[1127/160725:ERROR:crash_report_exception_handler.cc(98)] WriteEverything failed
[1127/160725:ERROR:scoped_process_suspend.cc(38)] NtResumeProcess: 已尝试访问正在退出的过程。  (0xc000010a)
[1127/160725:ERROR:scoped_process_suspend.cc(38)] NtResumeProcess: 已尝试访问正在退出的过程。  (0xc000010a)
[1127/160856:ERROR:process_reader_win.cc(142)] SuspendThread: 拒绝访问。 (0x5)
[1127/160856:ERROR:exception_snapshot_win.cc(87)] thread ID 16964 not found in process
[1127/160856:WARNING:crash_report_exception_handler.cc(56)] ProcessSnapshotWin::Initialize failed
[1127/160856:ERROR:scoped_process_suspend.cc(38)] NtResumeProcess: 已尝试访问正在退出的过程。  (0xc000010a)
[1127/160856:ERROR:process_info.cc(330)] VirtualQueryEx: 拒绝访问。 (0x5)
[1127/160856:ERROR:process_info.cc(547)] ReadMemoryInfo failed
[1127/160856:ERROR:process_reader_win.cc(142)] SuspendThread: 拒绝访问。 (0x5)
[1127/160856:ERROR:exception_snapshot_win.cc(87)] thread ID 10616 not found in process
[1127/160856:WARNING:crash_report_exception_handler.cc(56)] ProcessSnapshotWin::Initialize failed
[1127/160856:ERROR:scoped_process_suspend.cc(38)] NtResumeProcess: 已尝试访问正在退出的过程。  (0xc000010a)
[1127/160856:ERROR:process_reader_win.cc(233)] ReadMemory at 0x6eeb02b0 of 40 bytes failed: 仅完成部分的 ReadProcessMemory 或 WriteProcessMemory 请求。 (0x12B)
[1127/160856:WARNING:pe_image_reader.cc(333)] could not read section 5 from C:\Program Files (x86)\360\360Safe\safemon\iNetSafe.dll
[1127/160856:ERROR:process_reader_win.cc(233)] ReadMemory at 0x6f4f0000 of 64 bytes failed: 仅完成部分的 ReadProcessMemory 或 WriteProcessMemory 请求。 (0x12B)
[1127/160856:WARNING:pe_image_reader.cc(281)] could not read dos header from C:\WINDOWS\WinSxS\x86_microsoft.windows.common-controls_6595b64144ccf1df_6.0.14393.447_none_89c64d28dafea4b9\COMCTL32.dll
[1127/160856:ERROR:process_reader_win.cc(233)] ReadMemory at 0x6ee40000 of 64 bytes failed: 仅完成部分的 ReadProcessMemory 或 WriteProcessMemory 请求。 (0x12B)
[1127/160856:WARNING:pe_image_reader.cc(281)] could not read dos header from C:\WINDOWS\SYSTEM32\USP10.dll
[1127/160856:ERROR:process_reader_win.cc(233)] ReadMemory at 0x6d330000 of 64 bytes failed: 仅完成部分的 ReadProcessMemory 或 WriteProcessMemory 请求。 (0x12B)
[1127/160856:WARNING:pe_image_reader.cc(281)] could not read dos header from C:\WINDOWS\SYSTEM32\DWrite.dll
[1127/160856:ERROR:process_reader_win.cc(233)] ReadMemory at 0x5c280000 of 64 bytes failed: 仅完成部分的 ReadProcessMemory 或 WriteProcessMemory 请求。 (0x12B)
[1127/160856:WARNING:pe_image_reader.cc(281)] could not read dos header from C:\Program Files (x86)\Google\Chrome\Application\54.0.2840.99\chrome_child.dll
[1127/160856:ERROR:process_reader_win.cc(233)] ReadMemory at 0x6e810000 of 64 bytes failed: 仅完成部分的 ReadProcessMemory 或 WriteProcessMemory 请求。 (0x12B)
[1127/160856:WARNING:pe_image_reader.cc(281)] could not read dos header from C:\WINDOWS\AppPatch\AcGenral.dll
[1127/160856:ERROR:process_reader_win.cc(233)] ReadMemory at 0x6f810000 of 64 bytes failed: 仅完成部分的 ReadProcessMemory 或 WriteProcessMemory 请求。 (0x12B)
[1127/160856:WARNING:pe_image_reader.cc(281)] could not read dos header from C:\WINDOWS\system32\apphelp.dll
[1127/160856:ERROR:process_reader_win.cc(233)] ReadMemory at 0x6f940000 of 64 bytes failed: 仅完成部分的 ReadProcessMemory 或 WriteProcessMemory 请求。 (0x12B)
[1127/160856:WARNING:pe_image_reader.cc(281)] could not read dos header from C:\WINDOWS\SYSTEM32\UxTheme.dll
[1127/160856:ERROR:process_reader_win.cc(233)] ReadMemory at 0x74470000 of 64 bytes failed: 仅完成部分的 ReadProcessMemory 或 WriteProcessMemory 请求。 (0x12B)
[1127/160856:WARNING:pe_image_reader.cc(281)] could not read dos header from C:\WINDOWS\SYSTEM32\WINMMBASE.dll
[1127/160856:ERROR:process_reader_win.cc(233)] ReadMemory at 0x744a0000 of 64 bytes failed: 仅完成部分的 ReadProcessMemory 或 WriteProcessMemory 请求。 (0x12B)
[1127/160856:WARNING:pe_image_reader.cc(281)] could not read dos header from C:\WINDOWS\SYSTEM32\WINMM.dll
[1127/160856:ERROR:process_reader_win.cc(233)] ReadMemory at 0x742c0000 of 64 bytes failed: 仅完成部分的 ReadProcessMemory 或 WriteProcessMemory 请求。 (0x12B)
[1127/160856:WARNING:pe_image_reader.cc(281)] could not read dos header from C:\WINDOWS\SYSTEM32\samcli.dll
[1127/160856:ERROR:process_reader_win.cc(233)] ReadMemory at 0x753f0000 of 64 bytes failed: 仅完成部分的 ReadProcessMemory 或 WriteProcessMemory 请求。 (0x12B)
[1127/160856:WARNING:pe_image_reader.cc(281)] could not read dos header from C:\WINDOWS\System32\ole32.dll
[1127/160856:ERROR:process_reader_win.cc(233)] ReadMemory at 0x754e0000 of 64 bytes failed: 仅完成部分的 ReadProcessMemory 或 WriteProcessMemory 请求。 (0x12B)
[1127/160856:WARNING:pe_image_reader.cc(281)] could not read dos header from C:\WINDOWS\System32\OLEAUT32.dll
[1127/160856:ERROR:process_reader_win.cc(233)] ReadMemory at 0x75590000 of 64 bytes failed: 仅完成部分的 ReadProcessMemory 或 WriteProcessMemory 请求。 (0x12B)
[1127/160856:WARNING:pe_image_reader.cc(281)] could not read dos header from C:\WINDOWS\System32\advapi32.dll
[1127/160856:ERROR:process_reader_win.cc(233)] ReadMemory at 0x6e500000 of 64 bytes failed: 仅完成部分的 ReadProcessMemory 或 WriteProcessMemory 请求。 (0x12B)
[1127/160856:WARNING:pe_image_reader.cc(281)] could not read dos header from C:\WINDOWS\SYSTEM32\MSACM32.dll
[1127/160856:ERROR:process_reader_win.cc(233)] ReadMemory at 0x74910000 of 64 bytes failed: 仅完成部分的 ReadProcessMemory 或 WriteProcessMemory 请求。 (0x12B)
[1127/160856:WARNING:pe_image_reader.cc(281)] could not read dos header from C:\WINDOWS\SYSTEM32\VERSION.dll
[1127/160856:ERROR:process_reader_win.cc(233)] ReadMemory at 0x77aaa708 of 16 bytes failed: 仅完成部分的 ReadProcessMemory 或 WriteProcessMemory 请求。 (0x12B)
[1127/160856:WARNING:pe_image_resource_reader.cc(103)] could not read resource data entry from C:\WINDOWS\System32\powrprof.dll resources
[1127/160856:ERROR:process_reader_win.cc(233)] ReadMemory at 0x76130000 of 64 bytes failed: 仅完成部分的 ReadProcessMemory 或 WriteProcessMemory 请求。 (0x12B)
[1127/160856:WARNING:pe_image_reader.cc(281)] could not read dos header from C:\WINDOWS\System32\kernel.appcore.dll
[1127/160856:ERROR:process_reader_win.cc(233)] ReadMemory at 0x75360000 of 64 bytes failed: 仅完成部分的 ReadProcessMemory 或 WriteProcessMemory 请求。 (0x12B)
[1127/160856:WARNING:pe_image_reader.cc(281)] could not read dos header from C:\WINDOWS\System32\shcore.dll
[1127/160856:ERROR:process_reader_win.cc(233)] ReadMemory at 0x76290000 of 64 bytes failed: 仅完成部分的 ReadProcessMemory 或 WriteProcessMemory 请求。 (0x12B)
[1127/160856:WARNING:pe_image_reader.cc(281)] could not read dos header from C:\WINDOWS\System32\profapi.dll
[1127/160856:ERROR:process_reader_win.cc(233)] ReadMemory at 0x74ba0000 of 64 bytes failed: 仅完成部分的 ReadProcessMemory 或 WriteProcessMemory 请求。 (0x12B)
[1127/160856:WARNING:pe_image_reader.cc(281)] could not read dos header from C:\WINDOWS\System32\windows.storage.dll
[1127/160856:ERROR:process_reader_win.cc(233)] ReadMemory at 0x76590000 of 64 bytes failed: 仅完成部分的 ReadProcessMemory 或 WriteProcessMemory 请求。 (0x12B)
[1127/160856:WARNING:pe_image_reader.cc(281)] could not read dos header from C:\WINDOWS\System32\SHELL32.dll
[1127/160856:ERROR:process_reader_win.cc(233)] ReadMemory at 0x748e0000 of 64 bytes failed: 仅完成部分的 ReadProcessMemory 或 WriteProcessMemory 请求。 (0x12B)
[1127/160856:WARNING:pe_image_reader.cc(281)] could not read dos header from C:\WINDOWS\SYSTEM32\USERENV.dll
[1127/160856:ERROR:process_reader_win.cc(233)] ReadMemory at 0x73b40000 of 64 bytes failed: 仅完成部分的 ReadProcessMemory 或 WriteProcessMemory 请求。 (0x12B)
[1127/160856:WARNING:pe_image_reader.cc(281)] could not read dos header from C:\WINDOWS\SYSTEM32\dwmapi.dll
[1127/160856:ERROR:process_reader_win.cc(233)] ReadMemory at 0x71aa0000 of 64 bytes failed: 仅完成部分的 ReadProcessMemory 或 WriteProcessMemory 请求。 (0x12B)
[1127/160856:WARNING:pe_image_reader.cc(281)] could not read dos header from C:\WINDOWS\SYSTEM32\iertutil.dll
[1127/160856:ERROR:process_reader_win.cc(233)] ReadMemory at 0x71ce0000 of 64 bytes failed: 仅完成部分的 ReadProcessMemory 或 WriteProcessMemory 请求。 (0x12B)
[1127/160856:WARNING:pe_image_reader.cc(281)] could not read dos header from C:\WINDOWS\SYSTEM32\urlmon.dll
[1127/160856:ERROR:process_reader_win.cc(233)] ReadMemory at 0x72fa0000 of 64 bytes failed: 仅完成部分的 ReadProcessMemory 或 WriteProcessMemory 请求。 (0x12B)
[1127/160856:WARNING:pe_image_reader.cc(281)] could not read dos header from C:\WINDOWS\SYSTEM32\bcrypt.dll
[1127/160856:ERROR:process_reader_win.cc(233)] ReadMemory at 0x72520000 of 64 bytes failed: 仅完成部分的 ReadProcessMemory 或 WriteProcessMemory 请求。 (0x12B)
[1127/160856:WARNING:pe_image_reader.cc(281)] could not read dos header from C:\WINDOWS\SYSTEM32\WINSPOOL.DRV
[1127/160856:ERROR:process_reader_win.cc(233)] ReadMemory at 0x72ae0000 of 64 bytes failed: 仅完成部分的 ReadProcessMemory 或 WriteProcessMemory 请求。 (0x12B)
[1127/160856:WARNING:pe_image_reader.cc(281)] could not read dos header from C:\WINDOWS\SYSTEM32\MPR.dll
[1127/160856:ERROR:process_reader_win.cc(233)] ReadMemory at 0x6f740000 of 64 bytes failed: 仅完成部分的 ReadProcessMemory 或 WriteProcessMemory 请求。 (0x12B)
[1127/160856:WARNING:pe_image_reader.cc(281)] could not read dos header from C:\Program Files (x86)\Google\Chrome\Application\54.0.2840.99\chrome_elf.dll
[1127/160856:ERROR:process_reader_win.cc(233)] ReadMemory at 0x74900000 of 64 bytes failed: 仅完成部分的 ReadProcessMemory 或 WriteProcessMemory 请求。 (0x12B)
[1127/160856:WARNING:pe_image_reader.cc(281)] could not read dos header from C:\WINDOWS\SYSTEM32\WTSAPI32.dll
[1127/160856:ERROR:process_reader_win.cc(233)] ReadMemory at 0x73a20000 of 64 bytes failed: 仅完成部分的 ReadProcessMemory 或 WriteProcessMemory 请求。 (0x12B)
[1127/160856:WARNING:pe_image_reader.cc(281)] could not read dos header from C:\WINDOWS\SYSTEM32\WINHTTP.dll
[1127/160856:ERROR:process_reader_win.cc(233)] ReadMemory at 0x6f300000 of 64 bytes failed: 仅完成部分的 ReadProcessMemory 或 WriteProcessMemory 请求。 (0x12B)
[1127/160856:WARNING:pe_image_reader.cc(281)] could not read dos header from C:\WINDOWS\SYSTEM32\ninput.dll
[1127/160856:ERROR:process_reader_win.cc(233)] ReadMemory at 0x75580000 of 64 bytes failed: 仅完成部分的 ReadProcessMemory 或 WriteProcessMemory 请求。 (0x12B)
[1127/160856:WARNING:pe_image_reader.cc(281)] could not read dos header from C:\WINDOWS\System32\PSAPI.DLL
[1127/160856:ERROR:process_reader_win.cc(233)] ReadMemory at 0x77a20000 of 64 bytes failed: 仅完成部分的 ReadProcessMemory 或 WriteProcessMemory 请求。 (0x12B)
[1127/160856:WARNING:pe_image_reader.cc(281)] could not read dos header from C:\WINDOWS\System32\WS2_32.dll
[1127/160856:ERROR:process_reader_win.cc(233)] ReadMemory at 0x747d0000 of 64 bytes failed: 仅完成部分的 ReadProcessMemory 或 WriteProcessMemory 请求。 (0x12B)
[1127/160856:WARNING:pe_image_reader.cc(281)] could not read dos header from C:\WINDOWS\SYSTEM32\NETAPI32.dll
[1127/160856:ERROR:process_reader_win.cc(233)] ReadMemory at 0x71f60000 of 64 bytes failed: 仅完成部分的 ReadProcessMemory 或 WriteProcessMemory 请求。 (0x12B)
[1127/160856:WARNING:pe_image_reader.cc(281)] could not read dos header from C:\WINDOWS\SYSTEM32\WKSCLI.DLL
[1127/160856:ERROR:process_reader_win.cc(233)] ReadMemory at 0x742b0000 of 64 bytes failed: 仅完成部分的 ReadProcessMemory 或 WriteProcessMemory 请求。 (0x12B)
[1127/160856:WARNING:pe_image_reader.cc(281)] could not read dos header from C:\WINDOWS\SYSTEM32\NETUTILS.DLL
[1127/160856:ERROR:process_reader_win.cc(233)] ReadMemory at 0x6ef50000 of 64 bytes failed: 仅完成部分的 ReadProcessMemory 或 WriteProcessMemory 请求。 (0x12B)
[1127/160856:WARNING:pe_image_reader.cc(281)] could not read dos header from C:\Program Files (x86)\360\360Safe\safemon\safemon.dll
[1127/160856:ERROR:process_reader_win.cc(233)] ReadMemory at 0x6eeb0000 of 64 bytes failed: 仅完成部分的 ReadProcessMemory 或 WriteProcessMemory 请求。 (0x12B)
[1127/160856:WARNING:pe_image_reader.cc(281)] could not read dos header from C:\Program Files (x86)\360\360Safe\safemon\iNetSafe.dll
[1127/160856:ERROR:process_reader_win.cc(233)] ReadMemory at 0x73820000 of 64 bytes failed: 仅完成部分的 ReadProcessMemory 或 WriteProcessMemory 请求。 (0x12B)
[1127/160856:WARNING:pe_image_reader.cc(281)] could not read dos header from C:\WINDOWS\SYSTEM32\dbghelp.dll
[1127/160856:ERROR:process_reader_win.cc(233)] ReadMemory at 0x6f4f0000 of 64 bytes failed: 仅完成部分的 ReadProcessMemory 或 WriteProcessMemory 请求。 (0x12B)
[1127/160856:WARNING:pe_image_reader.cc(281)] could not read dos header from C:\WINDOWS\WinSxS\x86_microsoft.windows.common-controls_6595b64144ccf1df_6.0.14393.447_none_89c64d28dafea4b9\COMCTL32.dll
[1127/160856:ERROR:process_reader_win.cc(233)] ReadMemory at 0x76140000 of 64 bytes failed: 仅完成部分的 ReadProcessMemory 或 WriteProcessMemory 请求。 (0x12B)
[1127/160856:WARNING:pe_image_reader.cc(281)] could not read dos header from C:\WINDOWS\System32\COMDLG32.dll
[1127/160856:ERROR:process_reader_win.cc(233)] ReadMemory at 0x6ee40000 of 64 bytes failed: 仅完成部分的 ReadProcessMemory 或 WriteProcessMemory 请求。 (0x12B)
[1127/160856:WARNING:pe_image_reader.cc(281)] could not read dos header from C:\WINDOWS\SYSTEM32\USP10.dll
[1127/160856:ERROR:process_reader_win.cc(233)] ReadMemory at 0x74700000 of 64 bytes failed: 仅完成部分的 ReadProcessMemory 或 WriteProcessMemory 请求。 (0x12B)
[1127/160856:WARNING:pe_image_reader.cc(281)] could not read dos header from C:\WINDOWS\SYSTEM32\IPHLPAPI.DLL
[1127/160856:ERROR:process_reader_win.cc(233)] ReadMemory at 0x743d0000 of 64 bytes failed: 仅完成部分的 ReadProcessMemory 或 WriteProcessMemory 请求。 (0x12B)
[1127/160856:WARNING:pe_image_reader.cc(281)] could not read dos header from C:\WINDOWS\SYSTEM32\Secur32.dll
[1127/160856:ERROR:process_reader_win.cc(233)] ReadMemory at 0x6d330000 of 64 bytes failed: 仅完成部分的 ReadProcessMemory 或 WriteProcessMemory 请求。 (0x12B)
[1127/160856:WARNING:pe_image_reader.cc(281)] could not read dos header from C:\WINDOWS\SYSTEM32\DWrite.dll
[1127/160856:ERROR:process_reader_win.cc(233)] ReadMemory at 0x762a0000 of 64 bytes failed: 仅完成部分的 ReadProcessMemory 或 WriteProcessMemory 请求。 (0x12B)
[1127/160856:WARNING:pe_image_reader.cc(281)] could not read dos header from C:\WINDOWS\System32\MSASN1.dll
[1127/160856:ERROR:process_reader_win.cc(233)] ReadMemory at 0x75610000 of 64 bytes failed: 仅完成部分的 ReadProcessMemory 或 WriteProcessMemory 请求。 (0x12B)
[1127/160856:WARNING:pe_image_reader.cc(281)] could not read dos header from C:\WINDOWS\System32\CRYPT32.dll
[1127/160856:ERROR:process_reader_win.cc(233)] ReadMemory at 0x77980000 of 64 bytes failed: 仅完成部分的 ReadProcessMemory 或 WriteProcessMemory 请求。 (0x12B)
[1127/160856:WARNING:pe_image_reader.cc(281)] could not read dos header from C:\WINDOWS\System32\WINTRUST.dll
[1127/160856:ERROR:process_reader_win.cc(233)] ReadMemory at 0x5c280000 of 64 bytes failed: 仅完成部分的 ReadProcessMemory 或 WriteProcessMemory 请求。 (0x12B)
[1127/160856:WARNING:pe_image_reader.cc(281)] could not read dos header from C:\Program Files (x86)\Google\Chrome\Application\54.0.2840.99\chrome_child.dll
[1127/160856:ERROR:process_reader_win.cc(233)] ReadMemory at 0x3f0000 of 64 bytes failed: 仅完成部分的 ReadProcessMemory 或 WriteProcessMemory 请求。 (0x12B)
[1127/160856:WARNING:pe_image_reader.cc(281)] could not read dos header from C:\Program Files (x86)\Google\Chrome\Application\chrome.exe
[1127/160856:ERROR:process_reader_win.cc(233)] ReadMemory at 0x758d0000 of 64 bytes failed: 仅完成部分的 ReadProcessMemory 或 WriteProcessMemory 请求。 (0x12B)
[1127/160856:WARNING:pe_image_reader.cc(281)] could not read dos header from C:\WINDOWS\System32\KERNELBASE.dll
[1127/160856:ERROR:process_reader_win.cc(233)] ReadMemory at 0x757f0000 of 64 bytes failed: 仅完成部分的 ReadProcessMemory 或 WriteProcessMemory 请求。 (0x12B)
[1127/160856:WARNING:pe_image_reader.cc(281)] could not read dos header from C:\WINDOWS\System32\KERNEL32.DLL
[1127/160856:ERROR:process_reader_win.cc(233)] ReadMemory at 0x6e810000 of 64 bytes failed: 仅完成部分的 ReadProcessMemory 或 WriteProcessMemory 请求。 (0x12B)
[1127/160856:WARNING:pe_image_reader.cc(281)] could not read dos header from C:\WINDOWS\AppPatch\AcGenral.dll
[1127/160856:ERROR:process_reader_win.cc(233)] ReadMemory at 0x77e70000 of 64 bytes failed: 仅完成部分的 ReadProcessMemory 或 WriteProcessMemory 请求。 (0x12B)
[1127/160856:WARNING:pe_image_reader.cc(281)] could not read dos header from C:\WINDOWS\SYSTEM32\ntdll.dll
[1127/160856:ERROR:process_reader_win.cc(233)] ReadMemory at 0x6f810000 of 64 bytes failed: 仅完成部分的 ReadProcessMemory 或 WriteProcessMemory 请求。 (0x12B)
[1127/160856:WARNING:pe_image_reader.cc(281)] could not read dos header from C:\WINDOWS\system32\apphelp.dll
[1127/160856:ERROR:process_reader_win.cc(233)] ReadMemory at 0x77db0000 of 64 bytes failed: 仅完成部分的 ReadProcessMemory 或 WriteProcessMemory 请求。 (0x12B)
[1127/160856:WARNING:pe_image_reader.cc(281)] could not read dos header from C:\WINDOWS\System32\msvcrt.dll
[1127/160856:ERROR:process_reader_win.cc(233)] ReadMemory at 0x77ae0000 of 64 bytes failed: 仅完成部分的 ReadProcessMemory 或 WriteProcessMemory 请求。 (0x12B)
[1127/160856:WARNING:pe_image_reader.cc(281)] could not read dos header from C:\WINDOWS\System32\bcryptPrimitives.dll
[1127/160856:ERROR:process_reader_win.cc(233)] ReadMemory at 0x74920000 of 64 bytes failed: 仅完成部分的 ReadProcessMemory 或 WriteProcessMemory 请求。 (0x12B)
[1127/160856:WARNING:pe_image_reader.cc(281)] could not read dos header from C:\WINDOWS\System32\CRYPTBASE.dll
[1127/160856:ERROR:process_reader_win.cc(233)] ReadMemory at 0x74930000 of 64 bytes failed: 仅完成部分的 ReadProcessMemory 或 WriteProcessMemory 请求。 (0x12B)
[1127/160856:WARNING:pe_image_reader.cc(281)] could not read dos header from C:\WINDOWS\System32\SspiCli.dll
[1127/160856:ERROR:process_reader_win.cc(233)] ReadMemory at 0x75290000 of 64 bytes failed: 仅完成部分的 ReadProcessMemory 或 WriteProcessMemory 请求。 (0x12B)
[1127/160856:WARNING:pe_image_reader.cc(281)] could not read dos header from C:\WINDOWS\System32\RPCRT4.dll
[1127/160856:ERROR:process_reader_win.cc(233)] ReadMemory at 0x75f80000 of 64 bytes failed: 仅完成部分的 ReadProcessMemory 或 WriteProcessMemory 请求。 (0x12B)
[1127/160856:WARNING:pe_image_reader.cc(281)] could not read dos header from C:\WINDOWS\System32\sechost.dll
[1127/160856:ERROR:process_reader_win.cc(233)] ReadMemory at 0x751b0000 of 64 bytes failed: 仅完成部分的 ReadProcessMemory 或 WriteProcessMemory 请求。 (0x12B)
[1127/160856:WARNING:pe_image_reader.cc(281)] could not read dos header from C:\WINDOWS\System32\ucrtbase.dll
[1127/160856:ERROR:process_reader_win.cc(233)] ReadMemory at 0x74950000 of 64 bytes failed: 仅完成部分的 ReadProcessMemory 或 WriteProcessMemory 请求。 (0x12B)
[1127/160856:WARNING:pe_image_reader.cc(281)] could not read dos header from C:\WINDOWS\System32\combase.dll
[1127/160856:ERROR:process_reader_win.cc(233)] ReadMemory at 0x77cd0000 of 64 bytes failed: 仅完成部分的 ReadProcessMemory 或 WriteProcessMemory 请求。 (0x12B)
[1127/160856:WARNING:pe_image_reader.cc(281)] could not read dos header from C:\WINDOWS\System32\win32u.dll
[1127/160856:ERROR:process_reader_win.cc(233)] ReadMemory at 0x75fd0000 of 64 bytes failed: 仅完成部分的 ReadProcessMemory 或 WriteProcessMemory 请求。 (0x12B)
[1127/160856:WARNING:pe_image_reader.cc(281)] could not read dos header from C:\WINDOWS\System32\USER32.dll
[1127/160856:ERROR:process_reader_win.cc(233)] ReadMemory at 0x77b40000 of 64 bytes failed: 仅完成部分的 ReadProcessMemory 或 WriteProcessMemory 请求。 (0x12B)
[1127/160856:WARNING:pe_image_reader.cc(281)] could not read dos header from C:\WINDOWS\System32\gdi32full.dll
[1127/160856:ERROR:process_reader_win.cc(233)] ReadMemory at 0x762b0000 of 64 bytes failed: 仅完成部分的 ReadProcessMemory 或 WriteProcessMemory 请求。 (0x12B)
[1127/160856:WARNING:pe_image_reader.cc(281)] could not read dos header from C:\WINDOWS\System32\GDI32.dll
[1127/160856:ERROR:process_reader_win.cc(233)] ReadMemory at 0x74b70000 of 64 bytes failed: 仅完成部分的 ReadProcessMemory 或 WriteProcessMemory 请求。 (0x12B)
[1127/160856:WARNING:pe_image_reader.cc(281)] could not read dos header from C:\WINDOWS\System32\IMM32.DLL
[1127/160856:ERROR:process_reader_win.cc(233)] ReadMemory at 0x779d0000 of 64 bytes failed: 仅完成部分的 ReadProcessMemory 或 WriteProcessMemory 请求。 (0x12B)
[1127/160856:WARNING:pe_image_reader.cc(281)] could not read dos header from C:\WINDOWS\System32\SHLWAPI.dll
[1127/160856:ERROR:process_reader_win.cc(233)] ReadMemory at 0x6f940000 of 64 bytes failed: 仅完成部分的 ReadProcessMemory 或 WriteProcessMemory 请求。 (0x12B)
[1127/160856:WARNING:pe_image_reader.cc(281)] could not read dos header from C:\WINDOWS\SYSTEM32\UxTheme.dll
[1127/160856:ERROR:process_reader_win.cc(233)] ReadMemory at 0x77cf0000 of 64 bytes failed: 仅完成部分的 ReadProcessMemory 或 WriteProcessMemory 请求。 (0x12B)
[1127/160856:WARNING:pe_image_reader.cc(281)] could not read dos header from C:\WINDOWS\System32\cfgmgr32.dll
[1127/160856:ERROR:process_reader_win.cc(233)] ReadMemory at 0x74470000 of 64 bytes failed: 仅完成部分的 ReadProcessMemory 或 WriteProcessMemory 请求。 (0x12B)
[1127/160856:WARNING:pe_image_reader.cc(281)] could not read dos header from C:\WINDOWS\SYSTEM32\WINMMBASE.dll
[1127/160856:ERROR:process_reader_win.cc(233)] ReadMemory at 0x744a0000 of 64 bytes failed: 仅完成部分的 ReadProcessMemory 或 WriteProcessMemory 请求。 (0x12B)
[1127/160856:WARNING:pe_image_reader.cc(281)] could not read dos header from C:\WINDOWS\SYSTEM32\WINMM.dll
[1127/160856:ERROR:process_reader_win.cc(233)] ReadMemory at 0x742c0000 of 64 bytes failed: 仅完成部分的 ReadProcessMemory 或 WriteProcessMemory 请求。 (0x12B)
[1127/160856:WARNING:pe_image_reader.cc(281)] could not read dos header from C:\WINDOWS\SYSTEM32\samcli.dll
[1127/160856:ERROR:process_reader_win.cc(233)] ReadMemory at 0x753f0000 of 64 bytes failed: 仅完成部分的 ReadProcessMemory 或 WriteProcessMemory 请求。 (0x12B)
[1127/160856:WARNING:pe_image_reader.cc(281)] could not read dos header from C:\WINDOWS\System32\ole32.dll
[1127/160856:ERROR:process_reader_win.cc(233)] ReadMemory at 0x77d30000 of 64 bytes failed: 仅完成部分的 ReadProcessMemory 或 WriteProcessMemory 请求。 (0x12B)
[1127/160856:WARNING:pe_image_reader.cc(281)] could not read dos header from C:\WINDOWS\System32\msvcp_win.dll
[1127/160856:ERROR:process_reader_win.cc(233)] ReadMemory at 0x754e0000 of 64 bytes failed: 仅完成部分的 ReadProcessMemory 或 WriteProcessMemory 请求。 (0x12B)
[1127/160856:WARNING:pe_image_reader.cc(281)] could not read dos header from C:\WINDOWS\System32\OLEAUT32.dll
[1127/160856:ERROR:process_reader_win.cc(233)] ReadMemory at 0x75590000 of 64 bytes failed: 仅完成部分的 ReadProcessMemory 或 WriteProcessMemory 请求。 (0x12B)
[1127/160856:WARNING:pe_image_reader.cc(281)] could not read dos header from C:\WINDOWS\System32\advapi32.dll
[1127/160856:ERROR:process_reader_win.cc(233)] ReadMemory at 0x6e500000 of 64 bytes failed: 仅完成部分的 ReadProcessMemory 或 WriteProcessMemory 请求。 (0x12B)
[1127/160856:WARNING:pe_image_reader.cc(281)] could not read dos header from C:\WINDOWS\SYSTEM32\MSACM32.dll
[1127/160856:ERROR:process_reader_win.cc(233)] ReadMemory at 0x74910000 of 64 bytes failed: 仅完成部分的 ReadProcessMemory 或 WriteProcessMemory 请求。 (0x12B)
[1127/160856:WARNING:pe_image_reader.cc(281)] could not read dos header from C:\WINDOWS\SYSTEM32\VERSION.dll
[1127/160856:ERROR:process_reader_win.cc(233)] ReadMemory at 0x77a90000 of 64 bytes failed: 仅完成部分的 ReadProcessMemory 或 WriteProcessMemory 请求。 (0x12B)
[1127/160856:WARNING:pe_image_reader.cc(281)] could not read dos header from C:\WINDOWS\System32\powrprof.dll
[1127/160856:ERROR:process_reader_win.cc(233)] ReadMemory at 0x76130000 of 64 bytes failed: 仅完成部分的 ReadProcessMemory 或 WriteProcessMemory 请求。 (0x12B)
[1127/160856:WARNING:pe_image_reader.cc(281)] could not read dos header from C:\WINDOWS\System32\kernel.appcore.dll
[1127/160856:ERROR:process_reader_win.cc(233)] ReadMemory at 0x75360000 of 64 bytes failed: 仅完成部分的 ReadProcessMemory 或 WriteProcessMemory 请求。 (0x12B)
[1127/160856:WARNING:pe_image_reader.cc(281)] could not read dos header from C:\WINDOWS\System32\shcore.dll
[1127/160856:ERROR:process_reader_win.cc(233)] ReadMemory at 0x76290000 of 64 bytes failed: 仅完成部分的 ReadProcessMemory 或 WriteProcessMemory 请求。 (0x12B)
[1127/160856:WARNING:pe_image_reader.cc(281)] could not read dos header from C:\WINDOWS\System32\profapi.dll
[1127/160856:ERROR:process_reader_win.cc(233)] ReadMemory at 0x74ba0000 of 64 bytes failed: 仅完成部分的 ReadProcessMemory 或 WriteProcessMemory 请求。 (0x12B)
[1127/160856:WARNING:pe_image_reader.cc(281)] could not read dos header from C:\WINDOWS\System32\windows.storage.dll
[1127/160856:ERROR:process_reader_win.cc(233)] ReadMemory at 0x76590000 of 64 bytes failed: 仅完成部分的 ReadProcessMemory 或 WriteProcessMemory 请求。 (0x12B)
[1127/160856:WARNING:pe_image_reader.cc(281)] could not read dos header from C:\WINDOWS\System32\SHELL32.dll
[1127/160856:ERROR:process_reader_win.cc(233)] ReadMemory at 0x748e0000 of 64 bytes failed: 仅完成部分的 ReadProcessMemory 或 WriteProcessMemory 请求。 (0x12B)
[1127/160856:WARNING:pe_image_reader.cc(281)] could not read dos header from C:\WINDOWS\SYSTEM32\USERENV.dll
[1127/160856:ERROR:process_reader_win.cc(233)] ReadMemory at 0x73b40000 of 64 bytes failed: 仅完成部分的 ReadProcessMemory 或 WriteProcessMemory 请求。 (0x12B)
[1127/160856:WARNING:pe_image_reader.cc(281)] could not read dos header from C:\WINDOWS\SYSTEM32\dwmapi.dll
[1127/160856:ERROR:process_reader_win.cc(233)] ReadMemory at 0x71aa0000 of 64 bytes failed: 仅完成部分的 ReadProcessMemory 或 WriteProcessMemory 请求。 (0x12B)
[1127/160856:WARNING:pe_image_reader.cc(281)] could not read dos header from C:\WINDOWS\SYSTEM32\iertutil.dll
[1127/160856:ERROR:process_reader_win.cc(233)] ReadMemory at 0x71ce0000 of 64 bytes failed: 仅完成部分的 ReadProcessMemory 或 WriteProcessMemory 请求。 (0x12B)
[1127/160856:WARNING:pe_image_reader.cc(281)] could not read dos header from C:\WINDOWS\SYSTEM32\urlmon.dll
[1127/160856:ERROR:process_reader_win.cc(233)] ReadMemory at 0x72fa0000 of 64 bytes failed: 仅完成部分的 ReadProcessMemory 或 WriteProcessMemory 请求。 (0x12B)
[1127/160856:WARNING:pe_image_reader.cc(281)] could not read dos header from C:\WINDOWS\SYSTEM32\bcrypt.dll
[1127/160856:ERROR:process_reader_win.cc(233)] ReadMemory at 0x72520000 of 64 bytes failed: 仅完成部分的 ReadProcessMemory 或 WriteProcessMemory 请求。 (0x12B)
[1127/160856:WARNING:pe_image_reader.cc(281)] could not read dos header from C:\WINDOWS\SYSTEM32\WINSPOOL.DRV
[1127/160856:ERROR:process_reader_win.cc(233)] ReadMemory at 0x72ae0000 of 64 bytes failed: 仅完成部分的 ReadProcessMemory 或 WriteProcessMemory 请求。 (0x12B)
[1127/160856:WARNING:pe_image_reader.cc(281)] could not read dos header from C:\WINDOWS\SYSTEM32\MPR.dll
[1127/160856:ERROR:process_reader_win.cc(233)] ReadMemory at 0x6f740000 of 64 bytes failed: 仅完成部分的 ReadProcessMemory 或 WriteProcessMemory 请求。 (0x12B)
[1127/160856:WARNING:pe_image_reader.cc(281)] could not read dos header from C:\Program Files (x86)\Google\Chrome\Application\54.0.2840.99\chrome_elf.dll
[1127/160856:ERROR:process_reader_win.cc(233)] ReadMemory at 0x74900000 of 64 bytes failed: 仅完成部分的 ReadProcessMemory 或 WriteProcessMemory 请求。 (0x12B)
[1127/160856:WARNING:pe_image_reader.cc(281)] could not read dos header from C:\WINDOWS\SYSTEM32\WTSAPI32.dll
[1127/160856:ERROR:process_reader_win.cc(233)] ReadMemory at 0x73a20000 of 64 bytes failed: 仅完成部分的 ReadProcessMemory 或 WriteProcessMemory 请求。 (0x12B)
[1127/160856:WARNING:pe_image_reader.cc(281)] could not read dos header from C:\WINDOWS\SYSTEM32\WINHTTP.dll
[1127/160856:ERROR:process_reader_win.cc(233)] ReadMemory at 0x6f300000 of 64 bytes failed: 仅完成部分的 ReadProcessMemory 或 WriteProcessMemory 请求。 (0x12B)
[1127/160856:WARNING:pe_image_reader.cc(281)] could not read dos header from C:\WINDOWS\SYSTEM32\ninput.dll
[1127/160856:ERROR:process_reader_win.cc(233)] ReadMemory at 0x75580000 of 64 bytes failed: 仅完成部分的 ReadProcessMemory 或 WriteProcessMemory 请求。 (0x12B)
[1127/160856:WARNING:pe_image_reader.cc(281)] could not read dos header from C:\WINDOWS\System32\PSAPI.DLL
[1127/160856:ERROR:process_reader_win.cc(233)] ReadMemory at 0x77a20000 of 64 bytes failed: 仅完成部分的 ReadProcessMemory 或 WriteProcessMemory 请求。 (0x12B)
[1127/160856:WARNING:pe_image_reader.cc(281)] could not read dos header from C:\WINDOWS\System32\WS2_32.dll
[1127/160856:ERROR:process_reader_win.cc(233)] ReadMemory at 0x747d0000 of 64 bytes failed: 仅完成部分的 ReadProcessMemory 或 WriteProcessMemory 请求。 (0x12B)
[1127/160856:WARNING:pe_image_reader.cc(281)] could not read dos header from C:\WINDOWS\SYSTEM32\NETAPI32.dll
[1127/160856:ERROR:process_reader_win.cc(233)] ReadMemory at 0x71f60000 of 64 bytes failed: 仅完成部分的 ReadProcessMemory 或 WriteProcessMemory 请求。 (0x12B)
[1127/160856:WARNING:pe_image_reader.cc(281)] could not read dos header from C:\WINDOWS\SYSTEM32\WKSCLI.DLL
[1127/160856:ERROR:process_reader_win.cc(233)] ReadMemory at 0x742b0000 of 64 bytes failed: 仅完成部分的 ReadProcessMemory 或 WriteProcessMemory 请求。 (0x12B)
[1127/160856:WARNING:pe_image_reader.cc(281)] could not read dos header from C:\WINDOWS\SYSTEM32\NETUTILS.DLL
[1127/160856:ERROR:process_reader_win.cc(233)] ReadMemory at 0x6ef50000 of 64 bytes failed: 仅完成部分的 ReadProcessMemory 或 WriteProcessMemory 请求。 (0x12B)
[1127/160856:WARNING:pe_image_reader.cc(281)] could not read dos header from C:\Program Files (x86)\360\360Safe\safemon\safemon.dll
[1127/160856:ERROR:process_reader_win.cc(233)] ReadMemory at 0x6eeb0000 of 64 bytes failed: 仅完成部分的 ReadProcessMemory 或 WriteProcessMemory 请求。 (0x12B)
[1127/160856:WARNING:pe_image_reader.cc(281)] could not read dos header from C:\Program Files (x86)\360\360Safe\safemon\iNetSafe.dll
[1127/160856:ERROR:process_reader_win.cc(233)] ReadMemory at 0x73820000 of 64 bytes failed: 仅完成部分的 ReadProcessMemory 或 WriteProcessMemory 请求。 (0x12B)
[1127/160856:WARNING:pe_image_reader.cc(281)] could not read dos header from C:\WINDOWS\SYSTEM32\dbghelp.dll
[1127/160856:ERROR:process_reader_win.cc(233)] ReadMemory at 0x6f4f0000 of 64 bytes failed: 仅完成部分的 ReadProcessMemory 或 WriteProcessMemory 请求。 (0x12B)
[1127/160856:WARNING:pe_image_reader.cc(281)] could not read dos header from C:\WINDOWS\WinSxS\x86_microsoft.windows.common-controls_6595b64144ccf1df_6.0.14393.447_none_89c64d28dafea4b9\COMCTL32.dll
[1127/160856:ERROR:process_reader_win.cc(233)] ReadMemory at 0x76140000 of 64 bytes failed: 仅完成部分的 ReadProcessMemory 或 WriteProcessMemory 请求。 (0x12B)
[1127/160856:WARNING:pe_image_reader.cc(281)] could not read dos header from C:\WINDOWS\System32\COMDLG32.dll
[1127/160856:ERROR:process_reader_win.cc(233)] ReadMemory at 0x6ee40000 of 64 bytes failed: 仅完成部分的 ReadProcessMemory 或 WriteProcessMemory 请求。 (0x12B)
[1127/160856:WARNING:pe_image_reader.cc(281)] could not read dos header from C:\WINDOWS\SYSTEM32\USP10.dll
[1127/160856:ERROR:process_reader_win.cc(233)] ReadMemory at 0x74700000 of 64 bytes failed: 仅完成部分的 ReadProcessMemory 或 WriteProcessMemory 请求。 (0x12B)
[1127/160856:WARNING:pe_image_reader.cc(281)] could not read dos header from C:\WINDOWS\SYSTEM32\IPHLPAPI.DLL
[1127/160856:ERROR:process_reader_win.cc(233)] ReadMemory at 0x743d0000 of 64 bytes failed: 仅完成部分的 ReadProcessMemory 或 WriteProcessMemory 请求。 (0x12B)
[1127/160856:WARNING:pe_image_reader.cc(281)] could not read dos header from C:\WINDOWS\SYSTEM32\Secur32.dll
[1127/160856:ERROR:process_reader_win.cc(233)] ReadMemory at 0x6d330000 of 64 bytes failed: 仅完成部分的 ReadProcessMemory 或 WriteProcessMemory 请求。 (0x12B)
[1127/160856:WARNING:pe_image_reader.cc(281)] could not read dos header from C:\WINDOWS\SYSTEM32\DWrite.dll
[1127/160856:ERROR:process_reader_win.cc(233)] ReadMemory at 0x762a0000 of 64 bytes failed: 仅完成部分的 ReadProcessMemory 或 WriteProcessMemory 请求。 (0x12B)
[1127/160856:WARNING:pe_image_reader.cc(281)] could not read dos header from C:\WINDOWS\System32\MSASN1.dll
[1127/160856:ERROR:process_reader_win.cc(233)] ReadMemory at 0x75610000 of 64 bytes failed: 仅完成部分的 ReadProcessMemory 或 WriteProcessMemory 请求。 (0x12B)
[1127/160856:WARNING:pe_image_reader.cc(281)] could not read dos header from C:\WINDOWS\System32\CRYPT32.dll
[1127/160856:ERROR:process_reader_win.cc(233)] ReadMemory at 0x77980000 of 64 bytes failed: 仅完成部分的 ReadProcessMemory 或 WriteProcessMemory 请求。 (0x12B)
[1127/160856:WARNING:pe_image_reader.cc(281)] could not read dos header from C:\WINDOWS\System32\WINTRUST.dll
[1127/160856:ERROR:process_reader_win.cc(233)] ReadMemory at 0x5c280000 of 64 bytes failed: 仅完成部分的 ReadProcessMemory 或 WriteProcessMemory 请求。 (0x12B)
[1127/160856:WARNING:pe_image_reader.cc(281)] could not read dos header from C:\Program Files (x86)\Google\Chrome\Application\54.0.2840.99\chrome_child.dll
[1127/160856:ERROR:process_reader_win.cc(233)] ReadMemory at 0x3f0000 of 64 bytes failed: 仅完成部分的 ReadProcessMemory 或 WriteProcessMemory 请求。 (0x12B)
[1127/160856:WARNING:pe_image_reader.cc(281)] could not read dos header from C:\Program Files (x86)\Google\Chrome\Application\chrome.exe
[1127/160856:ERROR:process_reader_win.cc(233)] ReadMemory at 0x758d0000 of 64 bytes failed: 仅完成部分的 ReadProcessMemory 或 WriteProcessMemory 请求。 (0x12B)
[1127/160856:WARNING:pe_image_reader.cc(281)] could not read dos header from C:\WINDOWS\System32\KERNELBASE.dll
[1127/160856:ERROR:process_reader_win.cc(233)] ReadMemory at 0x757f0000 of 64 bytes failed: 仅完成部分的 ReadProcessMemory 或 WriteProcessMemory 请求。 (0x12B)
[1127/160856:WARNING:pe_image_reader.cc(281)] could not read dos header from C:\WINDOWS\System32\KERNEL32.DLL
[1127/160856:ERROR:process_reader_win.cc(233)] ReadMemory at 0x6e810000 of 64 bytes failed: 仅完成部分的 ReadProcessMemory 或 WriteProcessMemory 请求。 (0x12B)
[1127/160856:WARNING:pe_image_reader.cc(281)] could not read dos header from C:\WINDOWS\AppPatch\AcGenral.dll
[1127/160856:ERROR:process_reader_win.cc(233)] ReadMemory at 0x77e70000 of 64 bytes failed: 仅完成部分的 ReadProcessMemory 或 WriteProcessMemory 请求。 (0x12B)
[1127/160856:WARNING:pe_image_reader.cc(281)] could not read dos header from C:\WINDOWS\SYSTEM32\ntdll.dll
[1127/160856:ERROR:process_reader_win.cc(233)] ReadMemory at 0x6f810000 of 64 bytes failed: 仅完成部分的 ReadProcessMemory 或 WriteProcessMemory 请求。 (0x12B)
[1127/160856:WARNING:pe_image_reader.cc(281)] could not read dos header from C:\WINDOWS\system32\apphelp.dll
[1127/160856:ERROR:process_reader_win.cc(233)] ReadMemory at 0x77db0000 of 64 bytes failed: 仅完成部分的 ReadProcessMemory 或 WriteProcessMemory 请求。 (0x12B)
[1127/160856:WARNING:pe_image_reader.cc(281)] could not read dos header from C:\WINDOWS\System32\msvcrt.dll
[1127/160856:ERROR:process_reader_win.cc(233)] ReadMemory at 0x77ae0000 of 64 bytes failed: 仅完成部分的 ReadProcessMemory 或 WriteProcessMemory 请求。 (0x12B)
[1127/160856:WARNING:pe_image_reader.cc(281)] could not read dos header from C:\WINDOWS\System32\bcryptPrimitives.dll
[1127/160856:ERROR:process_reader_win.cc(233)] ReadMemory at 0x74920000 of 64 bytes failed: 仅完成部分的 ReadProcessMemory 或 WriteProcessMemory 请求。 (0x12B)
[1127/160856:WARNING:pe_image_reader.cc(281)] could not read dos header from C:\WINDOWS\System32\CRYPTBASE.dll
[1127/160856:ERROR:process_reader_win.cc(233)] ReadMemory at 0x74930000 of 64 bytes failed: 仅完成部分的 ReadProcessMemory 或 WriteProcessMemory 请求。 (0x12B)
[1127/160856:WARNING:pe_image_reader.cc(281)] could not read dos header from C:\WINDOWS\System32\SspiCli.dll
[1127/160856:ERROR:process_reader_win.cc(233)] ReadMemory at 0x75290000 of 64 bytes failed: 仅完成部分的 ReadProcessMemory 或 WriteProcessMemory 请求。 (0x12B)
[1127/160856:WARNING:pe_image_reader.cc(281)] could not read dos header from C:\WINDOWS\System32\RPCRT4.dll
[1127/160856:ERROR:process_reader_win.cc(233)] ReadMemory at 0x75f80000 of 64 bytes failed: 仅完成部分的 ReadProcessMemory 或 WriteProcessMemory 请求。 (0x12B)
[1127/160856:WARNING:pe_image_reader.cc(281)] could not read dos header from C:\WINDOWS\System32\sechost.dll
[1127/160856:ERROR:process_reader_win.cc(233)] ReadMemory at 0x751b0000 of 64 bytes failed: 仅完成部分的 ReadProcessMemory 或 WriteProcessMemory 请求。 (0x12B)
[1127/160856:WARNING:pe_image_reader.cc(281)] could not read dos header from C:\WINDOWS\System32\ucrtbase.dll
[1127/160856:ERROR:process_reader_win.cc(233)] ReadMemory at 0x74950000 of 64 bytes failed: 仅完成部分的 ReadProcessMemory 或 WriteProcessMemory 请求。 (0x12B)
[1127/160856:WARNING:pe_image_reader.cc(281)] could not read dos header from C:\WINDOWS\System32\combase.dll
[1127/160856:ERROR:process_reader_win.cc(233)] ReadMemory at 0x77cd0000 of 64 bytes failed: 仅完成部分的 ReadProcessMemory 或 WriteProcessMemory 请求。 (0x12B)
[1127/160856:WARNING:pe_image_reader.cc(281)] could not read dos header from C:\WINDOWS\System32\win32u.dll
[1127/160856:ERROR:process_reader_win.cc(233)] ReadMemory at 0x75fd0000 of 64 bytes failed: 仅完成部分的 ReadProcessMemory 或 WriteProcessMemory 请求。 (0x12B)
[1127/160856:WARNING:pe_image_reader.cc(281)] could not read dos header from C:\WINDOWS\System32\USER32.dll
[1127/160856:ERROR:process_reader_win.cc(233)] ReadMemory at 0x77b40000 of 64 bytes failed: 仅完成部分的 ReadProcessMemory 或 WriteProcessMemory 请求。 (0x12B)
[1127/160856:WARNING:pe_image_reader.cc(281)] could not read dos header from C:\WINDOWS\System32\gdi32full.dll
[1127/160856:ERROR:process_reader_win.cc(233)] ReadMemory at 0x762b0000 of 64 bytes failed: 仅完成部分的 ReadProcessMemory 或 WriteProcessMemory 请求。 (0x12B)
[1127/160856:WARNING:pe_image_reader.cc(281)] could not read dos header from C:\WINDOWS\System32\GDI32.dll
[1127/160856:ERROR:process_reader_win.cc(233)] ReadMemory at 0x74b70000 of 64 bytes failed: 仅完成部分的 ReadProcessMemory 或 WriteProcessMemory 请求。 (0x12B)
[1127/160856:WARNING:pe_image_reader.cc(281)] could not read dos header from C:\WINDOWS\System32\IMM32.DLL
[1127/160856:ERROR:process_reader_win.cc(233)] ReadMemory at 0x779d0000 of 64 bytes failed: 仅完成部分的 ReadProcessMemory 或 WriteProcessMemory 请求。 (0x12B)
[1127/160856:WARNING:pe_image_reader.cc(281)] could not read dos header from C:\WINDOWS\System32\SHLWAPI.dll
[1127/160856:ERROR:process_reader_win.cc(233)] ReadMemory at 0x6f940000 of 64 bytes failed: 仅完成部分的 ReadProcessMemory 或 WriteProcessMemory 请求。 (0x12B)
[1127/160856:WARNING:pe_image_reader.cc(281)] could not read dos header from C:\WINDOWS\SYSTEM32\UxTheme.dll
[1127/160856:ERROR:process_reader_win.cc(233)] ReadMemory at 0x77cf0000 of 64 bytes failed: 仅完成部分的 ReadProcessMemory 或 WriteProcessMemory 请求。 (0x12B)
[1127/160856:WARNING:pe_image_reader.cc(281)] could not read dos header from C:\WINDOWS\System32\cfgmgr32.dll
[1127/160856:ERROR:process_reader_win.cc(233)] ReadMemory at 0x74470000 of 64 bytes failed: 仅完成部分的 ReadProcessMemory 或 WriteProcessMemory 请求。 (0x12B)
[1127/160856:WARNING:pe_image_reader.cc(281)] could not read dos header from C:\WINDOWS\SYSTEM32\WINMMBASE.dll
[1127/160856:ERROR:process_reader_win.cc(233)] ReadMemory at 0x744a0000 of 64 bytes failed: 仅完成部分的 ReadProcessMemory 或 WriteProcessMemory 请求。 (0x12B)
[1127/160856:WARNING:pe_image_reader.cc(281)] could not read dos header from C:\WINDOWS\SYSTEM32\WINMM.dll
[1127/160856:ERROR:process_reader_win.cc(233)] ReadMemory at 0x742c0000 of 64 bytes failed: 仅完成部分的 ReadProcessMemory 或 WriteProcessMemory 请求。 (0x12B)
[1127/160856:WARNING:pe_image_reader.cc(281)] could not read dos header from C:\WINDOWS\SYSTEM32\samcli.dll
[1127/160856:ERROR:process_reader_win.cc(233)] ReadMemory at 0x753f0000 of 64 bytes failed: 仅完成部分的 ReadProcessMemory 或 WriteProcessMemory 请求。 (0x12B)
[1127/160856:WARNING:pe_image_reader.cc(281)] could not read dos header from C:\WINDOWS\System32\ole32.dll
[1127/160856:ERROR:process_reader_win.cc(233)] ReadMemory at 0x77d30000 of 64 bytes failed: 仅完成部分的 ReadProcessMemory 或 WriteProcessMemory 请求。 (0x12B)
[1127/160856:WARNING:pe_image_reader.cc(281)] could not read dos header from C:\WINDOWS\System32\msvcp_win.dll
[1127/160856:ERROR:process_reader_win.cc(233)] ReadMemory at 0x754e0000 of 64 bytes failed: 仅完成部分的 ReadProcessMemory 或 WriteProcessMemory 请求。 (0x12B)
[1127/160856:WARNING:pe_image_reader.cc(281)] could not read dos header from C:\WINDOWS\System32\OLEAUT32.dll
[1127/160856:ERROR:process_reader_win.cc(233)] ReadMemory at 0x75590000 of 64 bytes failed: 仅完成部分的 ReadProcessMemory 或 WriteProcessMemory 请求。 (0x12B)
[1127/160856:WARNING:pe_image_reader.cc(281)] could not read dos header from C:\WINDOWS\System32\advapi32.dll
[1127/160856:ERROR:process_reader_win.cc(233)] ReadMemory at 0x6e500000 of 64 bytes failed: 仅完成部分的 ReadProcessMemory 或 WriteProcessMemory 请求。 (0x12B)
[1127/160856:WARNING:pe_image_reader.cc(281)] could not read dos header from C:\WINDOWS\SYSTEM32\MSACM32.dll
[1127/160856:ERROR:process_reader_win.cc(233)] ReadMemory at 0x74910000 of 64 bytes failed: 仅完成部分的 ReadProcessMemory 或 WriteProcessMemory 请求。 (0x12B)
[1127/160856:WARNING:pe_image_reader.cc(281)] could not read dos header from C:\WINDOWS\SYSTEM32\VERSION.dll
[1127/160856:ERROR:process_reader_win.cc(233)] ReadMemory at 0x77a90000 of 64 bytes failed: 仅完成部分的 ReadProcessMemory 或 WriteProcessMemory 请求。 (0x12B)
[1127/160856:WARNING:pe_image_reader.cc(281)] could not read dos header from C:\WINDOWS\System32\powrprof.dll
[1127/160856:ERROR:process_reader_win.cc(233)] ReadMemory at 0x76130000 of 64 bytes failed: 仅完成部分的 ReadProcessMemory 或 WriteProcessMemory 请求。 (0x12B)
[1127/160856:WARNING:pe_image_reader.cc(281)] could not read dos header from C:\WINDOWS\System32\kernel.appcore.dll
[1127/160856:ERROR:process_reader_win.cc(233)] ReadMemory at 0x75360000 of 64 bytes failed: 仅完成部分的 ReadProcessMemory 或 WriteProcessMemory 请求。 (0x12B)
[1127/160856:WARNING:pe_image_reader.cc(281)] could not read dos header from C:\WINDOWS\System32\shcore.dll
[1127/160856:ERROR:process_reader_win.cc(233)] ReadMemory at 0x76290000 of 64 bytes failed: 仅完成部分的 ReadProcessMemory 或 WriteProcessMemory 请求。 (0x12B)
[1127/160856:WARNING:pe_image_reader.cc(281)] could not read dos header from C:\WINDOWS\System32\profapi.dll
[1127/160856:ERROR:process_reader_win.cc(233)] ReadMemory at 0x74ba0000 of 64 bytes failed: 仅完成部分的 ReadProcessMemory 或 WriteProcessMemory 请求。 (0x12B)
[1127/160856:WARNING:pe_image_reader.cc(281)] could not read dos header from C:\WINDOWS\System32\windows.storage.dll
[1127/160856:ERROR:process_reader_win.cc(233)] ReadMemory at 0x76590000 of 64 bytes failed: 仅完成部分的 ReadProcessMemory 或 WriteProcessMemory 请求。 (0x12B)
[1127/160856:WARNING:pe_image_reader.cc(281)] could not read dos header from C:\WINDOWS\System32\SHELL32.dll
[1127/160856:ERROR:process_reader_win.cc(233)] ReadMemory at 0x748e0000 of 64 bytes failed: 仅完成部分的 ReadProcessMemory 或 WriteProcessMemory 请求。 (0x12B)
[1127/160856:WARNING:pe_image_reader.cc(281)] could not read dos header from C:\WINDOWS\SYSTEM32\USERENV.dll
[1127/160856:ERROR:process_reader_win.cc(233)] ReadMemory at 0x73b40000 of 64 bytes failed: 仅完成部分的 ReadProcessMemory 或 WriteProcessMemory 请求。 (0x12B)
[1127/160856:WARNING:pe_image_reader.cc(281)] could not read dos header from C:\WINDOWS\SYSTEM32\dwmapi.dll
[1127/160856:ERROR:process_reader_win.cc(233)] ReadMemory at 0x71aa0000 of 64 bytes failed: 仅完成部分的 ReadProcessMemory 或 WriteProcessMemory 请求。 (0x12B)
[1127/160856:WARNING:pe_image_reader.cc(281)] could not read dos header from C:\WINDOWS\SYSTEM32\iertutil.dll
[1127/160856:ERROR:process_reader_win.cc(233)] ReadMemory at 0x71ce0000 of 64 bytes failed: 仅完成部分的 ReadProcessMemory 或 WriteProcessMemory 请求。 (0x12B)
[1127/160856:WARNING:pe_image_reader.cc(281)] could not read dos header from C:\WINDOWS\SYSTEM32\urlmon.dll
[1127/160856:ERROR:process_reader_win.cc(233)] ReadMemory at 0x72fa0000 of 64 bytes failed: 仅完成部分的 ReadProcessMemory 或 WriteProcessMemory 请求。 (0x12B)
[1127/160856:WARNING:pe_image_reader.cc(281)] could not read dos header from C:\WINDOWS\SYSTEM32\bcrypt.dll
[1127/160856:ERROR:process_reader_win.cc(233)] ReadMemory at 0x72520000 of 64 bytes failed: 仅完成部分的 ReadProcessMemory 或 WriteProcessMemory 请求。 (0x12B)
[1127/160856:WARNING:pe_image_reader.cc(281)] could not read dos header from C:\WINDOWS\SYSTEM32\WINSPOOL.DRV
[1127/160856:ERROR:process_reader_win.cc(233)] ReadMemory at 0x72ae0000 of 64 bytes failed: 仅完成部分的 ReadProcessMemory 或 WriteProcessMemory 请求。 (0x12B)
[1127/160856:WARNING:pe_image_reader.cc(281)] could not read dos header from C:\WINDOWS\SYSTEM32\MPR.dll
[1127/160856:ERROR:process_reader_win.cc(233)] ReadMemory at 0x6f740000 of 64 bytes failed: 仅完成部分的 ReadProcessMemory 或 WriteProcessMemory 请求。 (0x12B)
[1127/160856:WARNING:pe_image_reader.cc(281)] could not read dos header from C:\Program Files (x86)\Google\Chrome\Application\54.0.2840.99\chrome_elf.dll
[1127/160856:ERROR:process_reader_win.cc(233)] ReadMemory at 0x74900000 of 64 bytes failed: 仅完成部分的 ReadProcessMemory 或 WriteProcessMemory 请求。 (0x12B)
[1127/160856:WARNING:pe_image_reader.cc(281)] could not read dos header from C:\WINDOWS\SYSTEM32\WTSAPI32.dll
[1127/160856:ERROR:process_reader_win.cc(233)] ReadMemory at 0x73a20000 of 64 bytes failed: 仅完成部分的 ReadProcessMemory 或 WriteProcessMemory 请求。 (0x12B)
[1127/160856:WARNING:pe_image_reader.cc(281)] could not read dos header from C:\WINDOWS\SYSTEM32\WINHTTP.dll
[1127/160856:ERROR:process_reader_win.cc(233)] ReadMemory at 0x6f300000 of 64 bytes failed: 仅完成部分的 ReadProcessMemory 或 WriteProcessMemory 请求。 (0x12B)
[1127/160856:WARNING:pe_image_reader.cc(281)] could not read dos header from C:\WINDOWS\SYSTEM32\ninput.dll
[1127/160856:ERROR:process_reader_win.cc(233)] ReadMemory at 0x75580000 of 64 bytes failed: 仅完成部分的 ReadProcessMemory 或 WriteProcessMemory 请求。 (0x12B)
[1127/160856:WARNING:pe_image_reader.cc(281)] could not read dos header from C:\WINDOWS\System32\PSAPI.DLL
[1127/160856:ERROR:process_reader_win.cc(233)] ReadMemory at 0x77a20000 of 64 bytes failed: 仅完成部分的 ReadProcessMemory 或 WriteProcessMemory 请求。 (0x12B)
[1127/160856:WARNING:pe_image_reader.cc(281)] could not read dos header from C:\WINDOWS\System32\WS2_32.dll
[1127/160856:ERROR:process_reader_win.cc(233)] ReadMemory at 0x747d0000 of 64 bytes failed: 仅完成部分的 ReadProcessMemory 或 WriteProcessMemory 请求。 (0x12B)
[1127/160856:WARNING:pe_image_reader.cc(281)] could not read dos header from C:\WINDOWS\SYSTEM32\NETAPI32.dll
[1127/160856:ERROR:process_reader_win.cc(233)] ReadMemory at 0x71f60000 of 64 bytes failed: 仅完成部分的 ReadProcessMemory 或 WriteProcessMemory 请求。 (0x12B)
[1127/160856:WARNING:pe_image_reader.cc(281)] could not read dos header from C:\WINDOWS\SYSTEM32\WKSCLI.DLL
[1127/160856:ERROR:process_reader_win.cc(233)] ReadMemory at 0x742b0000 of 64 bytes failed: 仅完成部分的 ReadProcessMemory 或 WriteProcessMemory 请求。 (0x12B)
[1127/160856:WARNING:pe_image_reader.cc(281)] could not read dos header from C:\WINDOWS\SYSTEM32\NETUTILS.DLL
[1127/160856:ERROR:process_reader_win.cc(233)] ReadMemory at 0x6ef50000 of 64 bytes failed: 仅完成部分的 ReadProcessMemory 或 WriteProcessMemory 请求。 (0x12B)
[1127/160856:WARNING:pe_image_reader.cc(281)] could not read dos header from C:\Program Files (x86)\360\360Safe\safemon\safemon.dll
[1127/160856:ERROR:process_reader_win.cc(233)] ReadMemory at 0x6eeb0000 of 64 bytes failed: 仅完成部分的 ReadProcessMemory 或 WriteProcessMemory 请求。 (0x12B)
[1127/160856:WARNING:pe_image_reader.cc(281)] could not read dos header from C:\Program Files (x86)\360\360Safe\safemon\iNetSafe.dll
[1127/160856:ERROR:process_reader_win.cc(233)] ReadMemory at 0x73820000 of 64 bytes failed: 仅完成部分的 ReadProcessMemory 或 WriteProcessMemory 请求。 (0x12B)
[1127/160856:WARNING:pe_image_reader.cc(281)] could not read dos header from C:\WINDOWS\SYSTEM32\dbghelp.dll
[1127/160856:ERROR:process_reader_win.cc(233)] ReadMemory at 0x6f4f0000 of 64 bytes failed: 仅完成部分的 ReadProcessMemory 或 WriteProcessMemory 请求。 (0x12B)
[1127/160856:WARNING:pe_image_reader.cc(281)] could not read dos header from C:\WINDOWS\WinSxS\x86_microsoft.windows.common-controls_6595b64144ccf1df_6.0.14393.447_none_89c64d28dafea4b9\COMCTL32.dll
[1127/160856:ERROR:process_reader_win.cc(233)] ReadMemory at 0x76140000 of 64 bytes failed: 仅完成部分的 ReadProcessMemory 或 WriteProcessMemory 请求。 (0x12B)
[1127/160856:WARNING:pe_image_reader.cc(281)] could not read dos header from C:\WINDOWS\System32\COMDLG32.dll
[1127/160856:ERROR:process_reader_win.cc(233)] ReadMemory at 0x6ee40000 of 64 bytes failed: 仅完成部分的 ReadProcessMemory 或 WriteProcessMemory 请求。 (0x12B)
[1127/160856:WARNING:pe_image_reader.cc(281)] could not read dos header from C:\WINDOWS\SYSTEM32\USP10.dll
[1127/160856:ERROR:process_reader_win.cc(233)] ReadMemory at 0x74700000 of 64 bytes failed: 仅完成部分的 ReadProcessMemory 或 WriteProcessMemory 请求。 (0x12B)
[1127/160856:WARNING:pe_image_reader.cc(281)] could not read dos header from C:\WINDOWS\SYSTEM32\IPHLPAPI.DLL
[1127/160856:ERROR:process_reader_win.cc(233)] ReadMemory at 0x743d0000 of 64 bytes failed: 仅完成部分的 ReadProcessMemory 或 WriteProcessMemory 请求。 (0x12B)
[1127/160856:WARNING:pe_image_reader.cc(281)] could not read dos header from C:\WINDOWS\SYSTEM32\Secur32.dll
[1127/160856:ERROR:process_reader_win.cc(233)] ReadMemory at 0x6d330000 of 64 bytes failed: 仅完成部分的 ReadProcessMemory 或 WriteProcessMemory 请求。 (0x12B)
[1127/160856:WARNING:pe_image_reader.cc(281)] could not read dos header from C:\WINDOWS\SYSTEM32\DWrite.dll
[1127/160856:ERROR:process_reader_win.cc(233)] ReadMemory at 0x762a0000 of 64 bytes failed: 仅完成部分的 ReadProcessMemory 或 WriteProcessMemory 请求。 (0x12B)
[1127/160856:WARNING:pe_image_reader.cc(281)] could not read dos header from C:\WINDOWS\System32\MSASN1.dll
[1127/160856:ERROR:process_reader_win.cc(233)] ReadMemory at 0x75610000 of 64 bytes failed: 仅完成部分的 ReadProcessMemory 或 WriteProcessMemory 请求。 (0x12B)
[1127/160856:WARNING:pe_image_reader.cc(281)] could not read dos header from C:\WINDOWS\System32\CRYPT32.dll
[1127/160856:ERROR:process_reader_win.cc(233)] ReadMemory at 0x77980000 of 64 bytes failed: 仅完成部分的 ReadProcessMemory 或 WriteProcessMemory 请求。 (0x12B)
[1127/160856:WARNING:pe_image_reader.cc(281)] could not read dos header from C:\WINDOWS\System32\WINTRUST.dll
[1127/160856:ERROR:process_reader_win.cc(233)] ReadMemory at 0x5c280000 of 64 bytes failed: 仅完成部分的 ReadProcessMemory 或 WriteProcessMemory 请求。 (0x12B)
[1127/160856:WARNING:pe_image_reader.cc(281)] could not read dos header from C:\Program Files (x86)\Google\Chrome\Application\54.0.2840.99\chrome_child.dll
[1127/160856:ERROR:process_reader_win.cc(233)] ReadMemory at 0x5d6000 of 40960 bytes failed: 仅完成部分的 ReadProcessMemory 或 WriteProcessMemory 请求。 (0x12B)
[1127/160856:ERROR:crash_report_exception_handler.cc(98)] WriteEverything failed
[1127/160856:ERROR:scoped_process_suspend.cc(38)] NtResumeProcess: 已尝试访问正在退出的过程。  (0xc000010a)
